{"/Users/jasleenminhas/Desktop/Finance-Tracker/finance-tracker/src/App.js": {"path":"/Users/jasleenminhas/Desktop/Finance-Tracker/finance-tracker/src/App.js","statementMap":{"0":{"start":{"line":17,"column":2},"end":{"line":33,"column":4}}},"fnMap":{"0":{"name":"App","decl":{"start":{"line":16,"column":9},"end":{"line":16,"column":12}},"loc":{"start":{"line":16,"column":15},"end":{"line":34,"column":1}},"line":16}},"branchMap":{},"s":{"0":0},"f":{"0":0},"b":{}}
,"/Users/jasleenminhas/Desktop/Finance-Tracker/finance-tracker/src/firebase.js": {"path":"/Users/jasleenminhas/Desktop/Finance-Tracker/finance-tracker/src/firebase.js","statementMap":{"0":{"start":{"line":8,"column":23},"end":{"line":15,"column":1}},"1":{"start":{"line":18,"column":12},"end":{"line":18,"column":41}},"2":{"start":{"line":21,"column":13},"end":{"line":21,"column":25}},"3":{"start":{"line":24,"column":11},"end":{"line":24,"column":28}},"4":{"start":{"line":28,"column":18},"end":{"line":35,"column":1}},"5":{"start":{"line":29,"column":2},"end":{"line":34,"column":3}},"6":{"start":{"line":30,"column":4},"end":{"line":30,"column":90}},"7":{"start":{"line":31,"column":4},"end":{"line":31,"column":30}},"8":{"start":{"line":33,"column":4},"end":{"line":33,"column":40}}},"fnMap":{"0":{"name":"(anonymous_0)","decl":{"start":{"line":28,"column":18},"end":{"line":28,"column":19}},"loc":{"start":{"line":28,"column":30},"end":{"line":35,"column":1}},"line":28}},"branchMap":{},"s":{"0":0,"1":0,"2":0,"3":0,"4":0,"5":0,"6":0,"7":0,"8":0},"f":{"0":0},"b":{}}
,"/Users/jasleenminhas/Desktop/Finance-Tracker/finance-tracker/src/index.js": {"path":"/Users/jasleenminhas/Desktop/Finance-Tracker/finance-tracker/src/index.js","statementMap":{"0":{"start":{"line":7,"column":13},"end":{"line":7,"column":65}},"1":{"start":{"line":8,"column":0},"end":{"line":12,"column":2}},"2":{"start":{"line":17,"column":0},"end":{"line":17,"column":18}}},"fnMap":{},"branchMap":{},"s":{"0":0,"1":0,"2":0},"f":{},"b":{}}
,"/Users/jasleenminhas/Desktop/Finance-Tracker/finance-tracker/src/reportWebVitals.js": {"path":"/Users/jasleenminhas/Desktop/Finance-Tracker/finance-tracker/src/reportWebVitals.js","statementMap":{"0":{"start":{"line":1,"column":24},"end":{"line":11,"column":1}},"1":{"start":{"line":2,"column":2},"end":{"line":10,"column":3}},"2":{"start":{"line":3,"column":4},"end":{"line":9,"column":7}},"3":{"start":{"line":4,"column":6},"end":{"line":4,"column":26}},"4":{"start":{"line":5,"column":6},"end":{"line":5,"column":26}},"5":{"start":{"line":6,"column":6},"end":{"line":6,"column":26}},"6":{"start":{"line":7,"column":6},"end":{"line":7,"column":26}},"7":{"start":{"line":8,"column":6},"end":{"line":8,"column":27}}},"fnMap":{"0":{"name":"(anonymous_0)","decl":{"start":{"line":1,"column":24},"end":{"line":1,"column":25}},"loc":{"start":{"line":1,"column":39},"end":{"line":11,"column":1}},"line":1},"1":{"name":"(anonymous_1)","decl":{"start":{"line":3,"column":30},"end":{"line":3,"column":31}},"loc":{"start":{"line":3,"column":79},"end":{"line":9,"column":5}},"line":3}},"branchMap":{"0":{"loc":{"start":{"line":2,"column":2},"end":{"line":10,"column":3}},"type":"if","locations":[{"start":{"line":2,"column":2},"end":{"line":10,"column":3}},{"start":{},"end":{}}],"line":2},"1":{"loc":{"start":{"line":2,"column":6},"end":{"line":2,"column":52}},"type":"binary-expr","locations":[{"start":{"line":2,"column":6},"end":{"line":2,"column":17}},{"start":{"line":2,"column":21},"end":{"line":2,"column":52}}],"line":2}},"s":{"0":0,"1":0,"2":0,"3":0,"4":0,"5":0,"6":0,"7":0},"f":{"0":0,"1":0},"b":{"0":[0,0],"1":[0,0]}}
,"/Users/jasleenminhas/Desktop/Finance-Tracker/finance-tracker/src/components/Auth/Login.jsx": {"path":"/Users/jasleenminhas/Desktop/Finance-Tracker/finance-tracker/src/components/Auth/Login.jsx","statementMap":{"0":{"start":{"line":10,"column":28},"end":{"line":10,"column":40}},"1":{"start":{"line":11,"column":34},"end":{"line":11,"column":46}},"2":{"start":{"line":12,"column":28},"end":{"line":12,"column":40}},"3":{"start":{"line":13,"column":32},"end":{"line":13,"column":47}},"4":{"start":{"line":14,"column":20},"end":{"line":14,"column":29}},"5":{"start":{"line":15,"column":19},"end":{"line":15,"column":32}},"6":{"start":{"line":18,"column":4},"end":{"line":18,"column":23}},"7":{"start":{"line":20,"column":4},"end":{"line":45,"column":5}},"8":{"start":{"line":21,"column":6},"end":{"line":21,"column":19}},"9":{"start":{"line":22,"column":6},"end":{"line":22,"column":23}},"10":{"start":{"line":25,"column":6},"end":{"line":25,"column":62}},"11":{"start":{"line":26,"column":6},"end":{"line":26,"column":29}},"12":{"start":{"line":29,"column":6},"end":{"line":29,"column":43}},"13":{"start":{"line":32,"column":6},"end":{"line":44,"column":7}},"14":{"start":{"line":34,"column":10},"end":{"line":34,"column":55}},"15":{"start":{"line":35,"column":10},"end":{"line":35,"column":16}},"16":{"start":{"line":37,"column":10},"end":{"line":37,"column":41}},"17":{"start":{"line":38,"column":10},"end":{"line":38,"column":16}},"18":{"start":{"line":40,"column":10},"end":{"line":40,"column":43}},"19":{"start":{"line":41,"column":10},"end":{"line":41,"column":16}},"20":{"start":{"line":43,"column":10},"end":{"line":43,"column":58}},"21":{"start":{"line":46,"column":4},"end":{"line":46,"column":22}},"22":{"start":{"line":49,"column":2},"end":{"line":149,"column":4}},"23":{"start":{"line":66,"column":27},"end":{"line":66,"column":40}},"24":{"start":{"line":101,"column":31},"end":{"line":101,"column":55}},"25":{"start":{"line":116,"column":31},"end":{"line":116,"column":58}}},"fnMap":{"0":{"name":"Login","decl":{"start":{"line":9,"column":24},"end":{"line":9,"column":29}},"loc":{"start":{"line":9,"column":32},"end":{"line":150,"column":1}},"line":9},"1":{"name":"handleSubmit","decl":{"start":{"line":17,"column":17},"end":{"line":17,"column":29}},"loc":{"start":{"line":17,"column":33},"end":{"line":47,"column":3}},"line":17},"2":{"name":"(anonymous_2)","decl":{"start":{"line":66,"column":21},"end":{"line":66,"column":22}},"loc":{"start":{"line":66,"column":27},"end":{"line":66,"column":40}},"line":66},"3":{"name":"(anonymous_3)","decl":{"start":{"line":101,"column":24},"end":{"line":101,"column":25}},"loc":{"start":{"line":101,"column":31},"end":{"line":101,"column":55}},"line":101},"4":{"name":"(anonymous_4)","decl":{"start":{"line":116,"column":24},"end":{"line":116,"column":25}},"loc":{"start":{"line":116,"column":31},"end":{"line":116,"column":58}},"line":116}},"branchMap":{"0":{"loc":{"start":{"line":32,"column":6},"end":{"line":44,"column":7}},"type":"switch","locations":[{"start":{"line":33,"column":8},"end":{"line":35,"column":16}},{"start":{"line":36,"column":8},"end":{"line":38,"column":16}},{"start":{"line":39,"column":8},"end":{"line":41,"column":16}},{"start":{"line":42,"column":8},"end":{"line":43,"column":58}}],"line":32},"1":{"loc":{"start":{"line":81,"column":9},"end":{"line":90,"column":9}},"type":"binary-expr","locations":[{"start":{"line":81,"column":9},"end":{"line":81,"column":14}},{"start":{"line":82,"column":10},"end":{"line":89,"column":23}}],"line":81},"2":{"loc":{"start":{"line":130,"column":13},"end":{"line":140,"column":13}},"type":"cond-expr","locations":[{"start":{"line":131,"column":14},"end":{"line":134,"column":21}},{"start":{"line":136,"column":14},"end":{"line":139,"column":17}}],"line":130}},"s":{"0":47,"1":47,"2":47,"3":47,"4":47,"5":47,"6":7,"7":7,"8":7,"9":7,"10":7,"11":2,"12":4,"13":4,"14":1,"15":1,"16":1,"17":1,"18":1,"19":1,"20":1,"21":6,"22":47,"23":1,"24":8,"25":8},"f":{"0":47,"1":7,"2":1,"3":8,"4":8},"b":{"0":[1,1,1,1],"1":[47,4],"2":[7,40]},"_coverageSchema":"1a1c01bbd47fc00a2c39e90264f33305004495a9","hash":"142c21f60376babfe1028ab956be920587eeff7b"}
,"/Users/jasleenminhas/Desktop/Finance-Tracker/finance-tracker/src/components/Auth/Signup.jsx": {"path":"/Users/jasleenminhas/Desktop/Finance-Tracker/finance-tracker/src/components/Auth/Signup.jsx","statementMap":{"0":{"start":{"line":11,"column":28},"end":{"line":11,"column":40}},"1":{"start":{"line":12,"column":34},"end":{"line":12,"column":46}},"2":{"start":{"line":13,"column":48},"end":{"line":13,"column":60}},"3":{"start":{"line":14,"column":28},"end":{"line":14,"column":40}},"4":{"start":{"line":15,"column":32},"end":{"line":15,"column":47}},"5":{"start":{"line":16,"column":44},"end":{"line":16,"column":56}},"6":{"start":{"line":17,"column":21},"end":{"line":17,"column":30}},"7":{"start":{"line":18,"column":19},"end":{"line":18,"column":32}},"8":{"start":{"line":19,"column":42},"end":{"line":19,"column":57}},"9":{"start":{"line":20,"column":56},"end":{"line":20,"column":71}},"10":{"start":{"line":24,"column":4},"end":{"line":24,"column":101}},"11":{"start":{"line":28,"column":4},"end":{"line":28,"column":23}},"12":{"start":{"line":29,"column":4},"end":{"line":29,"column":17}},"13":{"start":{"line":30,"column":4},"end":{"line":30,"column":25}},"14":{"start":{"line":32,"column":4},"end":{"line":35,"column":5}},"15":{"start":{"line":33,"column":6},"end":{"line":33,"column":130}},"16":{"start":{"line":34,"column":6},"end":{"line":34,"column":13}},"17":{"start":{"line":36,"column":4},"end":{"line":39,"column":5}},"18":{"start":{"line":37,"column":6},"end":{"line":37,"column":50}},"19":{"start":{"line":38,"column":6},"end":{"line":38,"column":13}},"20":{"start":{"line":40,"column":4},"end":{"line":51,"column":5}},"21":{"start":{"line":41,"column":6},"end":{"line":41,"column":23}},"22":{"start":{"line":42,"column":29},"end":{"line":42,"column":58}},"23":{"start":{"line":44,"column":6},"end":{"line":47,"column":9}},"24":{"start":{"line":48,"column":6},"end":{"line":48,"column":29}},"25":{"start":{"line":50,"column":6},"end":{"line":50,"column":46}},"26":{"start":{"line":52,"column":4},"end":{"line":52,"column":22}},"27":{"start":{"line":55,"column":2},"end":{"line":198,"column":4}},"28":{"start":{"line":72,"column":27},"end":{"line":72,"column":40}},"29":{"start":{"line":107,"column":33},"end":{"line":107,"column":57}},"30":{"start":{"line":122,"column":33},"end":{"line":122,"column":60}},"31":{"start":{"line":128,"column":31},"end":{"line":128,"column":57}},"32":{"start":{"line":128,"column":54},"end":{"line":128,"column":56}},"33":{"start":{"line":133,"column":34},"end":{"line":133,"column":99}},"34":{"start":{"line":133,"column":74},"end":{"line":133,"column":99}},"35":{"start":{"line":133,"column":95},"end":{"line":133,"column":97}},"36":{"start":{"line":148,"column":33},"end":{"line":148,"column":67}},"37":{"start":{"line":154,"column":31},"end":{"line":154,"column":64}},"38":{"start":{"line":154,"column":61},"end":{"line":154,"column":63}},"39":{"start":{"line":159,"column":34},"end":{"line":159,"column":106}},"40":{"start":{"line":159,"column":74},"end":{"line":159,"column":106}},"41":{"start":{"line":159,"column":102},"end":{"line":159,"column":104}}},"fnMap":{"0":{"name":"Signup","decl":{"start":{"line":10,"column":24},"end":{"line":10,"column":30}},"loc":{"start":{"line":10,"column":33},"end":{"line":199,"column":1}},"line":10},"1":{"name":"validatePassword","decl":{"start":{"line":22,"column":11},"end":{"line":22,"column":27}},"loc":{"start":{"line":22,"column":32},"end":{"line":25,"column":3}},"line":22},"2":{"name":"handleSubmit","decl":{"start":{"line":27,"column":17},"end":{"line":27,"column":29}},"loc":{"start":{"line":27,"column":33},"end":{"line":53,"column":3}},"line":27},"3":{"name":"(anonymous_3)","decl":{"start":{"line":72,"column":21},"end":{"line":72,"column":22}},"loc":{"start":{"line":72,"column":27},"end":{"line":72,"column":40}},"line":72},"4":{"name":"(anonymous_4)","decl":{"start":{"line":107,"column":26},"end":{"line":107,"column":27}},"loc":{"start":{"line":107,"column":33},"end":{"line":107,"column":57}},"line":107},"5":{"name":"(anonymous_5)","decl":{"start":{"line":122,"column":26},"end":{"line":122,"column":27}},"loc":{"start":{"line":122,"column":33},"end":{"line":122,"column":60}},"line":122},"6":{"name":"(anonymous_6)","decl":{"start":{"line":128,"column":25},"end":{"line":128,"column":26}},"loc":{"start":{"line":128,"column":31},"end":{"line":128,"column":57}},"line":128},"7":{"name":"(anonymous_7)","decl":{"start":{"line":128,"column":47},"end":{"line":128,"column":48}},"loc":{"start":{"line":128,"column":54},"end":{"line":128,"column":56}},"line":128},"8":{"name":"(anonymous_8)","decl":{"start":{"line":133,"column":27},"end":{"line":133,"column":28}},"loc":{"start":{"line":133,"column":32},"end":{"line":133,"column":101}},"line":133},"9":{"name":"(anonymous_9)","decl":{"start":{"line":133,"column":90},"end":{"line":133,"column":91}},"loc":{"start":{"line":133,"column":95},"end":{"line":133,"column":97}},"line":133},"10":{"name":"(anonymous_10)","decl":{"start":{"line":148,"column":26},"end":{"line":148,"column":27}},"loc":{"start":{"line":148,"column":33},"end":{"line":148,"column":67}},"line":148},"11":{"name":"(anonymous_11)","decl":{"start":{"line":154,"column":25},"end":{"line":154,"column":26}},"loc":{"start":{"line":154,"column":31},"end":{"line":154,"column":64}},"line":154},"12":{"name":"(anonymous_12)","decl":{"start":{"line":154,"column":54},"end":{"line":154,"column":55}},"loc":{"start":{"line":154,"column":61},"end":{"line":154,"column":63}},"line":154},"13":{"name":"(anonymous_13)","decl":{"start":{"line":159,"column":27},"end":{"line":159,"column":28}},"loc":{"start":{"line":159,"column":32},"end":{"line":159,"column":108}},"line":159},"14":{"name":"(anonymous_14)","decl":{"start":{"line":159,"column":97},"end":{"line":159,"column":98}},"loc":{"start":{"line":159,"column":102},"end":{"line":159,"column":104}},"line":159}},"branchMap":{"0":{"loc":{"start":{"line":32,"column":4},"end":{"line":35,"column":5}},"type":"if","locations":[{"start":{"line":32,"column":4},"end":{"line":35,"column":5}},{"start":{},"end":{}}],"line":32},"1":{"loc":{"start":{"line":36,"column":4},"end":{"line":39,"column":5}},"type":"if","locations":[{"start":{"line":36,"column":4},"end":{"line":39,"column":5}},{"start":{},"end":{}}],"line":36},"2":{"loc":{"start":{"line":87,"column":9},"end":{"line":96,"column":9}},"type":"binary-expr","locations":[{"start":{"line":87,"column":9},"end":{"line":87,"column":14}},{"start":{"line":88,"column":10},"end":{"line":95,"column":23}}],"line":87},"3":{"loc":{"start":{"line":119,"column":22},"end":{"line":119,"column":56}},"type":"cond-expr","locations":[{"start":{"line":119,"column":37},"end":{"line":119,"column":43}},{"start":{"line":119,"column":46},"end":{"line":119,"column":56}}],"line":119},"4":{"loc":{"start":{"line":131,"column":28},"end":{"line":131,"column":76}},"type":"cond-expr","locations":[{"start":{"line":131,"column":43},"end":{"line":131,"column":58}},{"start":{"line":131,"column":61},"end":{"line":131,"column":76}}],"line":131},"5":{"loc":{"start":{"line":133,"column":34},"end":{"line":133,"column":99}},"type":"if","locations":[{"start":{"line":133,"column":34},"end":{"line":133,"column":99}},{"start":{},"end":{}}],"line":133},"6":{"loc":{"start":{"line":133,"column":38},"end":{"line":133,"column":72}},"type":"binary-expr","locations":[{"start":{"line":133,"column":38},"end":{"line":133,"column":55}},{"start":{"line":133,"column":59},"end":{"line":133,"column":72}}],"line":133},"7":{"loc":{"start":{"line":135,"column":17},"end":{"line":135,"column":44}},"type":"cond-expr","locations":[{"start":{"line":135,"column":32},"end":{"line":135,"column":36}},{"start":{"line":135,"column":39},"end":{"line":135,"column":44}}],"line":135},"8":{"loc":{"start":{"line":145,"column":22},"end":{"line":145,"column":63}},"type":"cond-expr","locations":[{"start":{"line":145,"column":44},"end":{"line":145,"column":50}},{"start":{"line":145,"column":53},"end":{"line":145,"column":63}}],"line":145},"9":{"loc":{"start":{"line":157,"column":28},"end":{"line":157,"column":83}},"type":"cond-expr","locations":[{"start":{"line":157,"column":50},"end":{"line":157,"column":65}},{"start":{"line":157,"column":68},"end":{"line":157,"column":83}}],"line":157},"10":{"loc":{"start":{"line":159,"column":34},"end":{"line":159,"column":106}},"type":"if","locations":[{"start":{"line":159,"column":34},"end":{"line":159,"column":106}},{"start":{},"end":{}}],"line":159},"11":{"loc":{"start":{"line":159,"column":38},"end":{"line":159,"column":72}},"type":"binary-expr","locations":[{"start":{"line":159,"column":38},"end":{"line":159,"column":55}},{"start":{"line":159,"column":59},"end":{"line":159,"column":72}}],"line":159},"12":{"loc":{"start":{"line":161,"column":17},"end":{"line":161,"column":51}},"type":"cond-expr","locations":[{"start":{"line":161,"column":39},"end":{"line":161,"column":43}},{"start":{"line":161,"column":46},"end":{"line":161,"column":51}}],"line":161},"13":{"loc":{"start":{"line":166,"column":11},"end":{"line":170,"column":11}},"type":"binary-expr","locations":[{"start":{"line":166,"column":11},"end":{"line":166,"column":24}},{"start":{"line":167,"column":12},"end":{"line":169,"column":18}}],"line":166},"14":{"loc":{"start":{"line":179,"column":13},"end":{"line":189,"column":13}},"type":"cond-expr","locations":[{"start":{"line":180,"column":14},"end":{"line":183,"column":21}},{"start":{"line":185,"column":14},"end":{"line":188,"column":17}}],"line":179}},"s":{"0":0,"1":0,"2":0,"3":0,"4":0,"5":0,"6":0,"7":0,"8":0,"9":0,"10":0,"11":0,"12":0,"13":0,"14":0,"15":0,"16":0,"17":0,"18":0,"19":0,"20":0,"21":0,"22":0,"23":0,"24":0,"25":0,"26":0,"27":0,"28":0,"29":0,"30":0,"31":0,"32":0,"33":0,"34":0,"35":0,"36":0,"37":0,"38":0,"39":0,"40":0,"41":0},"f":{"0":0,"1":0,"2":0,"3":0,"4":0,"5":0,"6":0,"7":0,"8":0,"9":0,"10":0,"11":0,"12":0,"13":0,"14":0},"b":{"0":[0,0],"1":[0,0],"2":[0,0],"3":[0,0],"4":[0,0],"5":[0,0],"6":[0,0],"7":[0,0],"8":[0,0],"9":[0,0],"10":[0,0],"11":[0,0],"12":[0,0],"13":[0,0],"14":[0,0]}}
,"/Users/jasleenminhas/Desktop/Finance-Tracker/finance-tracker/src/components/Charts/BarChart.jsx": {"path":"/Users/jasleenminhas/Desktop/Finance-Tracker/finance-tracker/src/components/Charts/BarChart.jsx","statementMap":{"0":{"start":{"line":5,"column":0},"end":{"line":12,"column":2}},"1":{"start":{"line":15,"column":18},"end":{"line":43,"column":3}},"2":{"start":{"line":45,"column":2},"end":{"line":49,"column":4}}},"fnMap":{"0":{"name":"BarChart","decl":{"start":{"line":14,"column":24},"end":{"line":14,"column":32}},"loc":{"start":{"line":14,"column":43},"end":{"line":50,"column":1}},"line":14}},"branchMap":{},"s":{"0":0,"1":0,"2":0},"f":{"0":0},"b":{}}
,"/Users/jasleenminhas/Desktop/Finance-Tracker/finance-tracker/src/components/Charts/LineChart.jsx": {"path":"/Users/jasleenminhas/Desktop/Finance-Tracker/finance-tracker/src/components/Charts/LineChart.jsx","statementMap":{"0":{"start":{"line":5,"column":0},"end":{"line":13,"column":2}},"1":{"start":{"line":16,"column":18},"end":{"line":44,"column":3}},"2":{"start":{"line":46,"column":2},"end":{"line":50,"column":4}}},"fnMap":{"0":{"name":"LineChart","decl":{"start":{"line":15,"column":24},"end":{"line":15,"column":33}},"loc":{"start":{"line":15,"column":44},"end":{"line":51,"column":1}},"line":15}},"branchMap":{},"s":{"0":0,"1":0,"2":0},"f":{"0":0},"b":{}}
,"/Users/jasleenminhas/Desktop/Finance-Tracker/finance-tracker/src/components/Charts/PieChart.jsx": {"path":"/Users/jasleenminhas/Desktop/Finance-Tracker/finance-tracker/src/components/Charts/PieChart.jsx","statementMap":{"0":{"start":{"line":5,"column":0},"end":{"line":5,"column":46}},"1":{"start":{"line":8,"column":18},"end":{"line":21,"column":3}},"2":{"start":{"line":23,"column":2},"end":{"line":27,"column":4}}},"fnMap":{"0":{"name":"PieChart","decl":{"start":{"line":7,"column":24},"end":{"line":7,"column":32}},"loc":{"start":{"line":7,"column":43},"end":{"line":28,"column":1}},"line":7}},"branchMap":{},"s":{"0":0,"1":0,"2":0},"f":{"0":0},"b":{}}
,"/Users/jasleenminhas/Desktop/Finance-Tracker/finance-tracker/src/components/Charts/index.js": {"path":"/Users/jasleenminhas/Desktop/Finance-Tracker/finance-tracker/src/components/Charts/index.js","statementMap":{},"fnMap":{},"branchMap":{},"s":{},"f":{},"b":{}}
,"/Users/jasleenminhas/Desktop/Finance-Tracker/finance-tracker/src/components/Dashboard/Categories.jsx": {"path":"/Users/jasleenminhas/Desktop/Finance-Tracker/finance-tracker/src/components/Dashboard/Categories.jsx","statementMap":{"0":{"start":{"line":13,"column":38},"end":{"line":13,"column":50}},"1":{"start":{"line":14,"column":34},"end":{"line":14,"column":46}},"2":{"start":{"line":15,"column":40},"end":{"line":15,"column":52}},"3":{"start":{"line":16,"column":40},"end":{"line":16,"column":55}},"4":{"start":{"line":17,"column":36},"end":{"line":17,"column":51}},"5":{"start":{"line":18,"column":28},"end":{"line":18,"column":42}},"6":{"start":{"line":19,"column":50},"end":{"line":19,"column":64}},"7":{"start":{"line":20,"column":48},"end":{"line":20,"column":63}},"8":{"start":{"line":21,"column":48},"end":{"line":21,"column":70}},"9":{"start":{"line":22,"column":34},"end":{"line":22,"column":48}},"10":{"start":{"line":23,"column":26},"end":{"line":23,"column":35}},"11":{"start":{"line":25,"column":2},"end":{"line":72,"column":20}},"12":{"start":{"line":26,"column":4},"end":{"line":71,"column":5}},"13":{"start":{"line":28,"column":24},"end":{"line":30,"column":7}},"14":{"start":{"line":32,"column":34},"end":{"line":52,"column":8}},"15":{"start":{"line":33,"column":29},"end":{"line":33,"column":31}},"16":{"start":{"line":34,"column":8},"end":{"line":36,"column":11}},"17":{"start":{"line":35,"column":10},"end":{"line":35,"column":59}},"18":{"start":{"line":39,"column":31},"end":{"line":49,"column":10}},"19":{"start":{"line":41,"column":10},"end":{"line":43,"column":11}},"20":{"start":{"line":42,"column":12},"end":{"line":42,"column":83}},"21":{"start":{"line":45,"column":10},"end":{"line":47,"column":11}},"22":{"start":{"line":46,"column":12},"end":{"line":46,"column":75}},"23":{"start":{"line":48,"column":10},"end":{"line":48,"column":19}},"24":{"start":{"line":51,"column":8},"end":{"line":51,"column":36}},"25":{"start":{"line":55,"column":26},"end":{"line":57,"column":7}},"26":{"start":{"line":59,"column":36},"end":{"line":65,"column":8}},"27":{"start":{"line":60,"column":31},"end":{"line":60,"column":33}},"28":{"start":{"line":61,"column":8},"end":{"line":63,"column":11}},"29":{"start":{"line":62,"column":10},"end":{"line":62,"column":61}},"30":{"start":{"line":64,"column":8},"end":{"line":64,"column":38}},"31":{"start":{"line":67,"column":6},"end":{"line":70,"column":8}},"32":{"start":{"line":68,"column":8},"end":{"line":68,"column":30}},"33":{"start":{"line":69,"column":8},"end":{"line":69,"column":32}},"34":{"start":{"line":75,"column":2},"end":{"line":86,"column":17}},"35":{"start":{"line":76,"column":31},"end":{"line":80,"column":5}},"36":{"start":{"line":77,"column":6},"end":{"line":79,"column":7}},"37":{"start":{"line":78,"column":8},"end":{"line":78,"column":26}},"38":{"start":{"line":82,"column":4},"end":{"line":82,"column":63}},"39":{"start":{"line":83,"column":4},"end":{"line":85,"column":6}},"40":{"start":{"line":84,"column":6},"end":{"line":84,"column":68}},"41":{"start":{"line":88,"column":27},"end":{"line":93,"column":3}},"42":{"start":{"line":89,"column":4},"end":{"line":89,"column":43}},"43":{"start":{"line":90,"column":4},"end":{"line":90,"column":26}},"44":{"start":{"line":92,"column":4},"end":{"line":92,"column":23}},"45":{"start":{"line":95,"column":29},"end":{"line":99,"column":3}},"46":{"start":{"line":96,"column":4},"end":{"line":96,"column":65}},"47":{"start":{"line":97,"column":4},"end":{"line":97,"column":29}},"48":{"start":{"line":98,"column":4},"end":{"line":98,"column":22}},"49":{"start":{"line":101,"column":31},"end":{"line":118,"column":3}},"50":{"start":{"line":102,"column":4},"end":{"line":116,"column":5}},"51":{"start":{"line":103,"column":6},"end":{"line":115,"column":7}},"52":{"start":{"line":104,"column":8},"end":{"line":104,"column":86}},"53":{"start":{"line":105,"column":8},"end":{"line":108,"column":11}},"54":{"start":{"line":110,"column":8},"end":{"line":110,"column":58}},"55":{"start":{"line":111,"column":8},"end":{"line":114,"column":11}},"56":{"start":{"line":117,"column":4},"end":{"line":117,"column":22}},"57":{"start":{"line":120,"column":31},"end":{"line":147,"column":3}},"58":{"start":{"line":121,"column":4},"end":{"line":121,"column":23}},"59":{"start":{"line":122,"column":4},"end":{"line":122,"column":23}},"60":{"start":{"line":124,"column":4},"end":{"line":146,"column":5}},"61":{"start":{"line":125,"column":6},"end":{"line":128,"column":9}},"62":{"start":{"line":130,"column":6},"end":{"line":130,"column":32}},"63":{"start":{"line":131,"column":6},"end":{"line":131,"column":39}},"64":{"start":{"line":133,"column":6},"end":{"line":136,"column":9}},"65":{"start":{"line":139,"column":6},"end":{"line":139,"column":56}},"66":{"start":{"line":140,"column":6},"end":{"line":143,"column":9}},"67":{"start":{"line":145,"column":6},"end":{"line":145,"column":26}},"68":{"start":{"line":149,"column":21},"end":{"line":151,"column":3}},"69":{"start":{"line":150,"column":4},"end":{"line":150,"column":61}},"70":{"start":{"line":153,"column":28},"end":{"line":172,"column":3}},"71":{"start":{"line":154,"column":4},"end":{"line":154,"column":23}},"72":{"start":{"line":155,"column":4},"end":{"line":155,"column":127}},"73":{"start":{"line":155,"column":15},"end":{"line":155,"column":117}},"74":{"start":{"line":155,"column":118},"end":{"line":155,"column":125}},"75":{"start":{"line":156,"column":4},"end":{"line":156,"column":107}},"76":{"start":{"line":156,"column":24},"end":{"line":156,"column":97}},"77":{"start":{"line":156,"column":98},"end":{"line":156,"column":105}},"78":{"start":{"line":157,"column":25},"end":{"line":157,"column":36}},"79":{"start":{"line":158,"column":4},"end":{"line":158,"column":26}},"80":{"start":{"line":159,"column":4},"end":{"line":159,"column":23}},"81":{"start":{"line":160,"column":4},"end":{"line":160,"column":23}},"82":{"start":{"line":161,"column":4},"end":{"line":171,"column":5}},"83":{"start":{"line":162,"column":6},"end":{"line":165,"column":9}},"84":{"start":{"line":166,"column":6},"end":{"line":166,"column":95}},"85":{"start":{"line":168,"column":6},"end":{"line":168,"column":88}},"86":{"start":{"line":170,"column":6},"end":{"line":170,"column":26}},"87":{"start":{"line":175,"column":28},"end":{"line":182,"column":3}},"88":{"start":{"line":185,"column":24},"end":{"line":188,"column":3}},"89":{"start":{"line":187,"column":30},"end":{"line":187,"column":52}},"90":{"start":{"line":191,"column":26},"end":{"line":216,"column":3}},"91":{"start":{"line":192,"column":24},"end":{"line":192,"column":26}},"92":{"start":{"line":195,"column":4},"end":{"line":197,"column":7}},"93":{"start":{"line":196,"column":6},"end":{"line":196,"column":32}},"94":{"start":{"line":200,"column":4},"end":{"line":204,"column":7}},"95":{"start":{"line":201,"column":6},"end":{"line":203,"column":7}},"96":{"start":{"line":202,"column":8},"end":{"line":202,"column":56}},"97":{"start":{"line":206,"column":4},"end":{"line":215,"column":6}},"98":{"start":{"line":218,"column":23},"end":{"line":218,"column":40}},"99":{"start":{"line":219,"column":21},"end":{"line":219,"column":100}},"100":{"start":{"line":219,"column":87},"end":{"line":219,"column":96}},"101":{"start":{"line":221,"column":2},"end":{"line":450,"column":4}},"102":{"start":{"line":228,"column":25},"end":{"line":228,"column":39}},"103":{"start":{"line":238,"column":10},"end":{"line":238,"column":53}},"104":{"start":{"line":239,"column":10},"end":{"line":239,"column":31}},"105":{"start":{"line":259,"column":72},"end":{"line":259,"column":79}},"106":{"start":{"line":295,"column":37},"end":{"line":295,"column":115}},"107":{"start":{"line":296,"column":33},"end":{"line":296,"column":89}},"108":{"start":{"line":297,"column":40},"end":{"line":297,"column":95}},"109":{"start":{"line":297,"column":69},"end":{"line":297,"column":94}},"110":{"start":{"line":299,"column":14},"end":{"line":350,"column":16}},"111":{"start":{"line":314,"column":41},"end":{"line":314,"column":64}},"112":{"start":{"line":322,"column":45},"end":{"line":322,"column":73}},"113":{"start":{"line":329,"column":45},"end":{"line":329,"column":75}},"114":{"start":{"line":358,"column":35},"end":{"line":358,"column":55}},"115":{"start":{"line":383,"column":31},"end":{"line":383,"column":61}},"116":{"start":{"line":408,"column":53},"end":{"line":408,"column":78}},"117":{"start":{"line":412,"column":27},"end":{"line":412,"column":52}},"118":{"start":{"line":426,"column":31},"end":{"line":426,"column":93}},"119":{"start":{"line":434,"column":29},"end":{"line":434,"column":54}}},"fnMap":{"0":{"name":"Categories","decl":{"start":{"line":12,"column":24},"end":{"line":12,"column":34}},"loc":{"start":{"line":12,"column":37},"end":{"line":451,"column":1}},"line":12},"1":{"name":"(anonymous_1)","decl":{"start":{"line":25,"column":12},"end":{"line":25,"column":13}},"loc":{"start":{"line":25,"column":18},"end":{"line":72,"column":3}},"line":25},"2":{"name":"(anonymous_2)","decl":{"start":{"line":32,"column":56},"end":{"line":32,"column":57}},"loc":{"start":{"line":32,"column":75},"end":{"line":52,"column":7}},"line":32},"3":{"name":"(anonymous_3)","decl":{"start":{"line":34,"column":30},"end":{"line":34,"column":31}},"loc":{"start":{"line":34,"column":39},"end":{"line":36,"column":9}},"line":34},"4":{"name":"(anonymous_4)","decl":{"start":{"line":39,"column":49},"end":{"line":39,"column":50}},"loc":{"start":{"line":39,"column":59},"end":{"line":49,"column":9}},"line":39},"5":{"name":"(anonymous_5)","decl":{"start":{"line":59,"column":60},"end":{"line":59,"column":61}},"loc":{"start":{"line":59,"column":79},"end":{"line":65,"column":7}},"line":59},"6":{"name":"(anonymous_6)","decl":{"start":{"line":61,"column":30},"end":{"line":61,"column":31}},"loc":{"start":{"line":61,"column":39},"end":{"line":63,"column":9}},"line":61},"7":{"name":"(anonymous_7)","decl":{"start":{"line":67,"column":13},"end":{"line":67,"column":14}},"loc":{"start":{"line":67,"column":19},"end":{"line":70,"column":7}},"line":67},"8":{"name":"(anonymous_8)","decl":{"start":{"line":75,"column":12},"end":{"line":75,"column":13}},"loc":{"start":{"line":75,"column":18},"end":{"line":86,"column":3}},"line":75},"9":{"name":"(anonymous_9)","decl":{"start":{"line":76,"column":31},"end":{"line":76,"column":32}},"loc":{"start":{"line":76,"column":42},"end":{"line":80,"column":5}},"line":76},"10":{"name":"(anonymous_10)","decl":{"start":{"line":83,"column":11},"end":{"line":83,"column":12}},"loc":{"start":{"line":83,"column":17},"end":{"line":85,"column":5}},"line":83},"11":{"name":"(anonymous_11)","decl":{"start":{"line":88,"column":27},"end":{"line":88,"column":28}},"loc":{"start":{"line":88,"column":33},"end":{"line":93,"column":3}},"line":88},"12":{"name":"(anonymous_12)","decl":{"start":{"line":95,"column":29},"end":{"line":95,"column":30}},"loc":{"start":{"line":95,"column":43},"end":{"line":99,"column":3}},"line":95},"13":{"name":"(anonymous_13)","decl":{"start":{"line":101,"column":31},"end":{"line":101,"column":32}},"loc":{"start":{"line":101,"column":51},"end":{"line":118,"column":3}},"line":101},"14":{"name":"(anonymous_14)","decl":{"start":{"line":120,"column":31},"end":{"line":120,"column":32}},"loc":{"start":{"line":120,"column":44},"end":{"line":147,"column":3}},"line":120},"15":{"name":"(anonymous_15)","decl":{"start":{"line":149,"column":21},"end":{"line":149,"column":22}},"loc":{"start":{"line":149,"column":37},"end":{"line":151,"column":3}},"line":149},"16":{"name":"(anonymous_16)","decl":{"start":{"line":153,"column":28},"end":{"line":153,"column":29}},"loc":{"start":{"line":153,"column":41},"end":{"line":172,"column":3}},"line":153},"17":{"name":"(anonymous_17)","decl":{"start":{"line":187,"column":22},"end":{"line":187,"column":23}},"loc":{"start":{"line":187,"column":30},"end":{"line":187,"column":52}},"line":187},"18":{"name":"(anonymous_18)","decl":{"start":{"line":191,"column":26},"end":{"line":191,"column":27}},"loc":{"start":{"line":191,"column":32},"end":{"line":216,"column":3}},"line":191},"19":{"name":"(anonymous_19)","decl":{"start":{"line":195,"column":26},"end":{"line":195,"column":27}},"loc":{"start":{"line":195,"column":33},"end":{"line":197,"column":5}},"line":195},"20":{"name":"(anonymous_20)","decl":{"start":{"line":200,"column":21},"end":{"line":200,"column":22}},"loc":{"start":{"line":200,"column":32},"end":{"line":204,"column":5}},"line":200},"21":{"name":"(anonymous_21)","decl":{"start":{"line":219,"column":73},"end":{"line":219,"column":74}},"loc":{"start":{"line":219,"column":87},"end":{"line":219,"column":96}},"line":219},"22":{"name":"(anonymous_22)","decl":{"start":{"line":228,"column":19},"end":{"line":228,"column":20}},"loc":{"start":{"line":228,"column":25},"end":{"line":228,"column":39}},"line":228},"23":{"name":"(anonymous_23)","decl":{"start":{"line":237,"column":25},"end":{"line":237,"column":26}},"loc":{"start":{"line":237,"column":31},"end":{"line":240,"column":9}},"line":237},"24":{"name":"(anonymous_24)","decl":{"start":{"line":259,"column":65},"end":{"line":259,"column":66}},"loc":{"start":{"line":259,"column":72},"end":{"line":259,"column":79}},"line":259},"25":{"name":"(anonymous_25)","decl":{"start":{"line":294,"column":31},"end":{"line":294,"column":32}},"loc":{"start":{"line":294,"column":45},"end":{"line":351,"column":13}},"line":294},"26":{"name":"(anonymous_26)","decl":{"start":{"line":297,"column":63},"end":{"line":297,"column":64}},"loc":{"start":{"line":297,"column":69},"end":{"line":297,"column":94}},"line":297},"27":{"name":"(anonymous_27)","decl":{"start":{"line":314,"column":35},"end":{"line":314,"column":36}},"loc":{"start":{"line":314,"column":41},"end":{"line":314,"column":64}},"line":314},"28":{"name":"(anonymous_28)","decl":{"start":{"line":322,"column":39},"end":{"line":322,"column":40}},"loc":{"start":{"line":322,"column":45},"end":{"line":322,"column":73}},"line":322},"29":{"name":"(anonymous_29)","decl":{"start":{"line":329,"column":39},"end":{"line":329,"column":40}},"loc":{"start":{"line":329,"column":45},"end":{"line":329,"column":75}},"line":329},"30":{"name":"(anonymous_30)","decl":{"start":{"line":358,"column":29},"end":{"line":358,"column":30}},"loc":{"start":{"line":358,"column":35},"end":{"line":358,"column":55}},"line":358},"31":{"name":"(anonymous_31)","decl":{"start":{"line":383,"column":24},"end":{"line":383,"column":25}},"loc":{"start":{"line":383,"column":31},"end":{"line":383,"column":61}},"line":383},"32":{"name":"(anonymous_32)","decl":{"start":{"line":408,"column":47},"end":{"line":408,"column":48}},"loc":{"start":{"line":408,"column":53},"end":{"line":408,"column":78}},"line":408},"33":{"name":"(anonymous_33)","decl":{"start":{"line":412,"column":21},"end":{"line":412,"column":22}},"loc":{"start":{"line":412,"column":27},"end":{"line":412,"column":52}},"line":412},"34":{"name":"(anonymous_34)","decl":{"start":{"line":426,"column":24},"end":{"line":426,"column":25}},"loc":{"start":{"line":426,"column":31},"end":{"line":426,"column":93}},"line":426},"35":{"name":"(anonymous_35)","decl":{"start":{"line":434,"column":23},"end":{"line":434,"column":24}},"loc":{"start":{"line":434,"column":29},"end":{"line":434,"column":54}},"line":434}},"branchMap":{"0":{"loc":{"start":{"line":26,"column":4},"end":{"line":71,"column":5}},"type":"if","locations":[{"start":{"line":26,"column":4},"end":{"line":71,"column":5}},{"start":{},"end":{}}],"line":26},"1":{"loc":{"start":{"line":41,"column":10},"end":{"line":43,"column":11}},"type":"if","locations":[{"start":{"line":41,"column":10},"end":{"line":43,"column":11}},{"start":{},"end":{}}],"line":41},"2":{"loc":{"start":{"line":41,"column":14},"end":{"line":41,"column":40}},"type":"binary-expr","locations":[{"start":{"line":41,"column":14},"end":{"line":41,"column":25}},{"start":{"line":41,"column":29},"end":{"line":41,"column":40}}],"line":41},"3":{"loc":{"start":{"line":45,"column":10},"end":{"line":47,"column":11}},"type":"if","locations":[{"start":{"line":45,"column":10},"end":{"line":47,"column":11}},{"start":{},"end":{}}],"line":45},"4":{"loc":{"start":{"line":45,"column":14},"end":{"line":45,"column":30}},"type":"binary-expr","locations":[{"start":{"line":45,"column":14},"end":{"line":45,"column":20}},{"start":{"line":45,"column":24},"end":{"line":45,"column":30}}],"line":45},"5":{"loc":{"start":{"line":77,"column":6},"end":{"line":79,"column":7}},"type":"if","locations":[{"start":{"line":77,"column":6},"end":{"line":79,"column":7}},{"start":{},"end":{}}],"line":77},"6":{"loc":{"start":{"line":77,"column":10},"end":{"line":77,"column":61}},"type":"binary-expr","locations":[{"start":{"line":77,"column":10},"end":{"line":77,"column":18}},{"start":{"line":77,"column":22},"end":{"line":77,"column":61}}],"line":77},"7":{"loc":{"start":{"line":102,"column":4},"end":{"line":116,"column":5}},"type":"if","locations":[{"start":{"line":102,"column":4},"end":{"line":116,"column":5}},{"start":{},"end":{}}],"line":102},"8":{"loc":{"start":{"line":150,"column":16},"end":{"line":150,"column":59}},"type":"cond-expr","locations":[{"start":{"line":150,"column":42},"end":{"line":150,"column":46}},{"start":{"line":150,"column":49},"end":{"line":150,"column":59}}],"line":150},"9":{"loc":{"start":{"line":155,"column":4},"end":{"line":155,"column":127}},"type":"if","locations":[{"start":{"line":155,"column":4},"end":{"line":155,"column":127}},{"start":{},"end":{}}],"line":155},"10":{"loc":{"start":{"line":156,"column":4},"end":{"line":156,"column":107}},"type":"if","locations":[{"start":{"line":156,"column":4},"end":{"line":156,"column":107}},{"start":{},"end":{}}],"line":156},"11":{"loc":{"start":{"line":201,"column":6},"end":{"line":203,"column":7}},"type":"if","locations":[{"start":{"line":201,"column":6},"end":{"line":203,"column":7}},{"start":{},"end":{}}],"line":201},"12":{"loc":{"start":{"line":224,"column":7},"end":{"line":230,"column":7}},"type":"binary-expr","locations":[{"start":{"line":224,"column":7},"end":{"line":224,"column":12}},{"start":{"line":225,"column":8},"end":{"line":229,"column":10}}],"line":224},"13":{"loc":{"start":{"line":292,"column":9},"end":{"line":362,"column":9}},"type":"cond-expr","locations":[{"start":{"line":293,"column":10},"end":{"line":352,"column":16}},{"start":{"line":354,"column":10},"end":{"line":361,"column":16}}],"line":292},"14":{"loc":{"start":{"line":295,"column":37},"end":{"line":295,"column":115}},"type":"binary-expr","locations":[{"start":{"line":295,"column":37},"end":{"line":295,"column":110}},{"start":{"line":295,"column":114},"end":{"line":295,"column":115}}],"line":295},"15":{"loc":{"start":{"line":296,"column":33},"end":{"line":296,"column":89}},"type":"cond-expr","locations":[{"start":{"line":296,"column":50},"end":{"line":296,"column":85}},{"start":{"line":296,"column":88},"end":{"line":296,"column":89}}],"line":296},"16":{"loc":{"start":{"line":310,"column":21},"end":{"line":338,"column":21}},"type":"binary-expr","locations":[{"start":{"line":310,"column":21},"end":{"line":310,"column":39}},{"start":{"line":311,"column":22},"end":{"line":337,"column":28}}],"line":310},"17":{"loc":{"start":{"line":319,"column":25},"end":{"line":336,"column":25}},"type":"binary-expr","locations":[{"start":{"line":319,"column":25},"end":{"line":319,"column":49}},{"start":{"line":320,"column":26},"end":{"line":335,"column":32}}],"line":319},"18":{"loc":{"start":{"line":401,"column":15},"end":{"line":401,"column":55}},"type":"cond-expr","locations":[{"start":{"line":401,"column":27},"end":{"line":401,"column":38}},{"start":{"line":401,"column":41},"end":{"line":401,"column":55}}],"line":401},"19":{"loc":{"start":{"line":444,"column":15},"end":{"line":444,"column":60}},"type":"cond-expr","locations":[{"start":{"line":444,"column":27},"end":{"line":444,"column":40}},{"start":{"line":444,"column":43},"end":{"line":444,"column":60}}],"line":444}},"s":{"0":0,"1":0,"2":0,"3":0,"4":0,"5":0,"6":0,"7":0,"8":0,"9":0,"10":0,"11":0,"12":0,"13":0,"14":0,"15":0,"16":0,"17":0,"18":0,"19":0,"20":0,"21":0,"22":0,"23":0,"24":0,"25":0,"26":0,"27":0,"28":0,"29":0,"30":0,"31":0,"32":0,"33":0,"34":0,"35":0,"36":0,"37":0,"38":0,"39":0,"40":0,"41":0,"42":0,"43":0,"44":0,"45":0,"46":0,"47":0,"48":0,"49":0,"50":0,"51":0,"52":0,"53":0,"54":0,"55":0,"56":0,"57":0,"58":0,"59":0,"60":0,"61":0,"62":0,"63":0,"64":0,"65":0,"66":0,"67":0,"68":0,"69":0,"70":0,"71":0,"72":0,"73":0,"74":0,"75":0,"76":0,"77":0,"78":0,"79":0,"80":0,"81":0,"82":0,"83":0,"84":0,"85":0,"86":0,"87":0,"88":0,"89":0,"90":0,"91":0,"92":0,"93":0,"94":0,"95":0,"96":0,"97":0,"98":0,"99":0,"100":0,"101":0,"102":0,"103":0,"104":0,"105":0,"106":0,"107":0,"108":0,"109":0,"110":0,"111":0,"112":0,"113":0,"114":0,"115":0,"116":0,"117":0,"118":0,"119":0},"f":{"0":0,"1":0,"2":0,"3":0,"4":0,"5":0,"6":0,"7":0,"8":0,"9":0,"10":0,"11":0,"12":0,"13":0,"14":0,"15":0,"16":0,"17":0,"18":0,"19":0,"20":0,"21":0,"22":0,"23":0,"24":0,"25":0,"26":0,"27":0,"28":0,"29":0,"30":0,"31":0,"32":0,"33":0,"34":0,"35":0},"b":{"0":[0,0],"1":[0,0],"2":[0,0],"3":[0,0],"4":[0,0],"5":[0,0],"6":[0,0],"7":[0,0],"8":[0,0],"9":[0,0],"10":[0,0],"11":[0,0],"12":[0,0],"13":[0,0],"14":[0,0],"15":[0,0],"16":[0,0],"17":[0,0],"18":[0,0],"19":[0,0]}}
,"/Users/jasleenminhas/Desktop/Finance-Tracker/finance-tracker/src/components/Dashboard/DashboardOverview.jsx": {"path":"/Users/jasleenminhas/Desktop/Finance-Tracker/finance-tracker/src/components/Dashboard/DashboardOverview.jsx","statementMap":{"0":{"start":{"line":11,"column":34},"end":{"line":11,"column":46}},"1":{"start":{"line":12,"column":38},"end":{"line":12,"column":50}},"2":{"start":{"line":13,"column":46},"end":{"line":13,"column":58}},"3":{"start":{"line":14,"column":40},"end":{"line":14,"column":52}},"4":{"start":{"line":15,"column":26},"end":{"line":15,"column":35}},"5":{"start":{"line":17,"column":2},"end":{"line":17,"column":43}},"6":{"start":{"line":18,"column":2},"end":{"line":20,"column":3}},"7":{"start":{"line":19,"column":4},"end":{"line":19,"column":72}},"8":{"start":{"line":22,"column":2},"end":{"line":67,"column":20}},"9":{"start":{"line":23,"column":4},"end":{"line":66,"column":5}},"10":{"start":{"line":24,"column":6},"end":{"line":24,"column":74}},"11":{"start":{"line":26,"column":24},"end":{"line":29,"column":7}},"12":{"start":{"line":31,"column":34},"end":{"line":47,"column":8}},"13":{"start":{"line":32,"column":29},"end":{"line":32,"column":31}},"14":{"start":{"line":33,"column":8},"end":{"line":35,"column":11}},"15":{"start":{"line":34,"column":10},"end":{"line":34,"column":59}},"16":{"start":{"line":38,"column":31},"end":{"line":43,"column":10}},"17":{"start":{"line":39,"column":10},"end":{"line":41,"column":11}},"18":{"start":{"line":40,"column":12},"end":{"line":40,"column":75}},"19":{"start":{"line":42,"column":10},"end":{"line":42,"column":19}},"20":{"start":{"line":45,"column":8},"end":{"line":45,"column":36}},"21":{"start":{"line":46,"column":8},"end":{"line":46,"column":54}},"22":{"start":{"line":50,"column":26},"end":{"line":52,"column":7}},"23":{"start":{"line":54,"column":36},"end":{"line":60,"column":8}},"24":{"start":{"line":55,"column":31},"end":{"line":55,"column":33}},"25":{"start":{"line":56,"column":8},"end":{"line":58,"column":11}},"26":{"start":{"line":57,"column":10},"end":{"line":57,"column":61}},"27":{"start":{"line":59,"column":8},"end":{"line":59,"column":38}},"28":{"start":{"line":62,"column":6},"end":{"line":65,"column":8}},"29":{"start":{"line":63,"column":8},"end":{"line":63,"column":30}},"30":{"start":{"line":64,"column":8},"end":{"line":64,"column":32}},"31":{"start":{"line":70,"column":24},"end":{"line":70,"column":82}},"32":{"start":{"line":70,"column":58},"end":{"line":70,"column":78}},"33":{"start":{"line":71,"column":28},"end":{"line":78,"column":54}},"34":{"start":{"line":73,"column":26},"end":{"line":73,"column":48}},"35":{"start":{"line":74,"column":18},"end":{"line":74,"column":28}},"36":{"start":{"line":75,"column":6},"end":{"line":76,"column":61}},"37":{"start":{"line":78,"column":30},"end":{"line":78,"column":50}},"38":{"start":{"line":80,"column":25},"end":{"line":80,"column":82}},"39":{"start":{"line":81,"column":22},"end":{"line":84,"column":8}},"40":{"start":{"line":82,"column":4},"end":{"line":82,"column":74}},"41":{"start":{"line":83,"column":4},"end":{"line":83,"column":15}},"42":{"start":{"line":86,"column":26},"end":{"line":88,"column":12}},"43":{"start":{"line":87,"column":55},"end":{"line":87,"column":60}},"44":{"start":{"line":91,"column":28},"end":{"line":98,"column":3}},"45":{"start":{"line":101,"column":24},"end":{"line":104,"column":3}},"46":{"start":{"line":103,"column":30},"end":{"line":103,"column":52}},"47":{"start":{"line":107,"column":26},"end":{"line":132,"column":3}},"48":{"start":{"line":108,"column":24},"end":{"line":108,"column":26}},"49":{"start":{"line":111,"column":4},"end":{"line":113,"column":7}},"50":{"start":{"line":112,"column":6},"end":{"line":112,"column":32}},"51":{"start":{"line":116,"column":4},"end":{"line":120,"column":7}},"52":{"start":{"line":117,"column":6},"end":{"line":119,"column":7}},"53":{"start":{"line":118,"column":8},"end":{"line":118,"column":56}},"54":{"start":{"line":122,"column":4},"end":{"line":131,"column":6}},"55":{"start":{"line":134,"column":23},"end":{"line":134,"column":40}},"56":{"start":{"line":136,"column":2},"end":{"line":253,"column":4}},"57":{"start":{"line":229,"column":14},"end":{"line":240,"column":20}}},"fnMap":{"0":{"name":"DashboardOverview","decl":{"start":{"line":10,"column":24},"end":{"line":10,"column":41}},"loc":{"start":{"line":10,"column":44},"end":{"line":254,"column":1}},"line":10},"1":{"name":"(anonymous_1)","decl":{"start":{"line":22,"column":12},"end":{"line":22,"column":13}},"loc":{"start":{"line":22,"column":18},"end":{"line":67,"column":3}},"line":22},"2":{"name":"(anonymous_2)","decl":{"start":{"line":31,"column":56},"end":{"line":31,"column":57}},"loc":{"start":{"line":31,"column":75},"end":{"line":47,"column":7}},"line":31},"3":{"name":"(anonymous_3)","decl":{"start":{"line":33,"column":30},"end":{"line":33,"column":31}},"loc":{"start":{"line":33,"column":39},"end":{"line":35,"column":9}},"line":33},"4":{"name":"(anonymous_4)","decl":{"start":{"line":38,"column":49},"end":{"line":38,"column":50}},"loc":{"start":{"line":38,"column":59},"end":{"line":43,"column":9}},"line":38},"5":{"name":"(anonymous_5)","decl":{"start":{"line":54,"column":60},"end":{"line":54,"column":61}},"loc":{"start":{"line":54,"column":79},"end":{"line":60,"column":7}},"line":54},"6":{"name":"(anonymous_6)","decl":{"start":{"line":56,"column":30},"end":{"line":56,"column":31}},"loc":{"start":{"line":56,"column":39},"end":{"line":58,"column":9}},"line":56},"7":{"name":"(anonymous_7)","decl":{"start":{"line":62,"column":13},"end":{"line":62,"column":14}},"loc":{"start":{"line":62,"column":19},"end":{"line":65,"column":7}},"line":62},"8":{"name":"(anonymous_8)","decl":{"start":{"line":70,"column":40},"end":{"line":70,"column":41}},"loc":{"start":{"line":70,"column":58},"end":{"line":70,"column":78}},"line":70},"9":{"name":"(anonymous_9)","decl":{"start":{"line":72,"column":12},"end":{"line":72,"column":13}},"loc":{"start":{"line":72,"column":23},"end":{"line":77,"column":5}},"line":72},"10":{"name":"(anonymous_10)","decl":{"start":{"line":78,"column":12},"end":{"line":78,"column":13}},"loc":{"start":{"line":78,"column":30},"end":{"line":78,"column":50}},"line":78},"11":{"name":"(anonymous_11)","decl":{"start":{"line":81,"column":38},"end":{"line":81,"column":39}},"loc":{"start":{"line":81,"column":56},"end":{"line":84,"column":3}},"line":81},"12":{"name":"(anonymous_12)","decl":{"start":{"line":87,"column":39},"end":{"line":87,"column":40}},"loc":{"start":{"line":87,"column":55},"end":{"line":87,"column":60}},"line":87},"13":{"name":"(anonymous_13)","decl":{"start":{"line":103,"column":22},"end":{"line":103,"column":23}},"loc":{"start":{"line":103,"column":30},"end":{"line":103,"column":52}},"line":103},"14":{"name":"(anonymous_14)","decl":{"start":{"line":107,"column":26},"end":{"line":107,"column":27}},"loc":{"start":{"line":107,"column":32},"end":{"line":132,"column":3}},"line":107},"15":{"name":"(anonymous_15)","decl":{"start":{"line":111,"column":26},"end":{"line":111,"column":27}},"loc":{"start":{"line":111,"column":33},"end":{"line":113,"column":5}},"line":111},"16":{"name":"(anonymous_16)","decl":{"start":{"line":116,"column":21},"end":{"line":116,"column":22}},"loc":{"start":{"line":116,"column":32},"end":{"line":120,"column":5}},"line":116},"17":{"name":"(anonymous_17)","decl":{"start":{"line":228,"column":31},"end":{"line":228,"column":32}},"loc":{"start":{"line":229,"column":14},"end":{"line":240,"column":20}},"line":229}},"branchMap":{"0":{"loc":{"start":{"line":18,"column":2},"end":{"line":20,"column":3}},"type":"if","locations":[{"start":{"line":18,"column":2},"end":{"line":20,"column":3}},{"start":{},"end":{}}],"line":18},"1":{"loc":{"start":{"line":23,"column":4},"end":{"line":66,"column":5}},"type":"if","locations":[{"start":{"line":23,"column":4},"end":{"line":66,"column":5}},{"start":{},"end":{}}],"line":23},"2":{"loc":{"start":{"line":39,"column":10},"end":{"line":41,"column":11}},"type":"if","locations":[{"start":{"line":39,"column":10},"end":{"line":41,"column":11}},{"start":{},"end":{}}],"line":39},"3":{"loc":{"start":{"line":39,"column":14},"end":{"line":39,"column":30}},"type":"binary-expr","locations":[{"start":{"line":39,"column":14},"end":{"line":39,"column":20}},{"start":{"line":39,"column":24},"end":{"line":39,"column":30}}],"line":39},"4":{"loc":{"start":{"line":75,"column":13},"end":{"line":76,"column":60}},"type":"binary-expr","locations":[{"start":{"line":75,"column":13},"end":{"line":75,"column":54}},{"start":{"line":76,"column":13},"end":{"line":76,"column":60}}],"line":75},"5":{"loc":{"start":{"line":80,"column":25},"end":{"line":80,"column":82}},"type":"cond-expr","locations":[{"start":{"line":80,"column":47},"end":{"line":80,"column":78}},{"start":{"line":80,"column":81},"end":{"line":80,"column":82}}],"line":80},"6":{"loc":{"start":{"line":82,"column":29},"end":{"line":82,"column":55}},"type":"binary-expr","locations":[{"start":{"line":82,"column":29},"end":{"line":82,"column":50}},{"start":{"line":82,"column":54},"end":{"line":82,"column":55}}],"line":82},"7":{"loc":{"start":{"line":86,"column":26},"end":{"line":88,"column":12}},"type":"cond-expr","locations":[{"start":{"line":87,"column":6},"end":{"line":87,"column":67}},{"start":{"line":88,"column":6},"end":{"line":88,"column":12}}],"line":86},"8":{"loc":{"start":{"line":117,"column":6},"end":{"line":119,"column":7}},"type":"if","locations":[{"start":{"line":117,"column":6},"end":{"line":119,"column":7}},{"start":{},"end":{}}],"line":117},"9":{"loc":{"start":{"line":227,"column":11},"end":{"line":249,"column":11}},"type":"cond-expr","locations":[{"start":{"line":228,"column":12},"end":{"line":241,"column":14}},{"start":{"line":243,"column":12},"end":{"line":248,"column":18}}],"line":227}},"s":{"0":0,"1":0,"2":0,"3":0,"4":0,"5":0,"6":0,"7":0,"8":0,"9":0,"10":0,"11":0,"12":0,"13":0,"14":0,"15":0,"16":0,"17":0,"18":0,"19":0,"20":0,"21":0,"22":0,"23":0,"24":0,"25":0,"26":0,"27":0,"28":0,"29":0,"30":0,"31":0,"32":0,"33":0,"34":0,"35":0,"36":0,"37":0,"38":0,"39":0,"40":0,"41":0,"42":0,"43":0,"44":0,"45":0,"46":0,"47":0,"48":0,"49":0,"50":0,"51":0,"52":0,"53":0,"54":0,"55":0,"56":0,"57":0},"f":{"0":0,"1":0,"2":0,"3":0,"4":0,"5":0,"6":0,"7":0,"8":0,"9":0,"10":0,"11":0,"12":0,"13":0,"14":0,"15":0,"16":0,"17":0},"b":{"0":[0,0],"1":[0,0],"2":[0,0],"3":[0,0],"4":[0,0],"5":[0,0],"6":[0,0],"7":[0,0],"8":[0,0],"9":[0,0]}}
,"/Users/jasleenminhas/Desktop/Finance-Tracker/finance-tracker/src/components/Dashboard/Expenses.jsx": {"path":"/Users/jasleenminhas/Desktop/Finance-Tracker/finance-tracker/src/components/Dashboard/Expenses.jsx","statementMap":{"0":{"start":{"line":12,"column":34},"end":{"line":12,"column":46}},"1":{"start":{"line":13,"column":38},"end":{"line":13,"column":50}},"2":{"start":{"line":14,"column":38},"end":{"line":19,"column":4}},"3":{"start":{"line":20,"column":40},"end":{"line":20,"column":55}},"4":{"start":{"line":21,"column":36},"end":{"line":21,"column":51}},"5":{"start":{"line":22,"column":28},"end":{"line":22,"column":42}},"6":{"start":{"line":23,"column":48},"end":{"line":23,"column":63}},"7":{"start":{"line":24,"column":46},"end":{"line":30,"column":4}},"8":{"start":{"line":31,"column":26},"end":{"line":31,"column":35}},"9":{"start":{"line":33,"column":2},"end":{"line":81,"column":20}},"10":{"start":{"line":34,"column":4},"end":{"line":80,"column":5}},"11":{"start":{"line":36,"column":24},"end":{"line":39,"column":7}},"12":{"start":{"line":41,"column":34},"end":{"line":61,"column":8}},"13":{"start":{"line":42,"column":29},"end":{"line":42,"column":31}},"14":{"start":{"line":43,"column":8},"end":{"line":45,"column":11}},"15":{"start":{"line":44,"column":10},"end":{"line":44,"column":59}},"16":{"start":{"line":48,"column":31},"end":{"line":58,"column":10}},"17":{"start":{"line":50,"column":10},"end":{"line":52,"column":11}},"18":{"start":{"line":51,"column":12},"end":{"line":51,"column":83}},"19":{"start":{"line":54,"column":10},"end":{"line":56,"column":11}},"20":{"start":{"line":55,"column":12},"end":{"line":55,"column":75}},"21":{"start":{"line":57,"column":10},"end":{"line":57,"column":19}},"22":{"start":{"line":60,"column":8},"end":{"line":60,"column":36}},"23":{"start":{"line":64,"column":26},"end":{"line":66,"column":7}},"24":{"start":{"line":68,"column":36},"end":{"line":74,"column":8}},"25":{"start":{"line":69,"column":31},"end":{"line":69,"column":33}},"26":{"start":{"line":70,"column":8},"end":{"line":72,"column":11}},"27":{"start":{"line":71,"column":10},"end":{"line":71,"column":61}},"28":{"start":{"line":73,"column":8},"end":{"line":73,"column":38}},"29":{"start":{"line":76,"column":6},"end":{"line":79,"column":8}},"30":{"start":{"line":77,"column":8},"end":{"line":77,"column":30}},"31":{"start":{"line":78,"column":8},"end":{"line":78,"column":32}},"32":{"start":{"line":83,"column":27},"end":{"line":93,"column":3}},"33":{"start":{"line":84,"column":4},"end":{"line":84,"column":43}},"34":{"start":{"line":85,"column":4},"end":{"line":85,"column":26}},"35":{"start":{"line":87,"column":4},"end":{"line":92,"column":7}},"36":{"start":{"line":95,"column":27},"end":{"line":161,"column":3}},"37":{"start":{"line":96,"column":4},"end":{"line":96,"column":23}},"38":{"start":{"line":97,"column":4},"end":{"line":97,"column":55}},"39":{"start":{"line":100,"column":4},"end":{"line":107,"column":5}},"40":{"start":{"line":101,"column":6},"end":{"line":101,"column":47}},"41":{"start":{"line":102,"column":6},"end":{"line":105,"column":9}},"42":{"start":{"line":106,"column":6},"end":{"line":106,"column":13}},"43":{"start":{"line":110,"column":4},"end":{"line":117,"column":5}},"44":{"start":{"line":111,"column":6},"end":{"line":111,"column":46}},"45":{"start":{"line":112,"column":6},"end":{"line":115,"column":9}},"46":{"start":{"line":116,"column":6},"end":{"line":116,"column":13}},"47":{"start":{"line":120,"column":24},"end":{"line":120,"column":41}},"48":{"start":{"line":123,"column":4},"end":{"line":123,"column":26}},"49":{"start":{"line":126,"column":6},"end":{"line":131,"column":9}},"50":{"start":{"line":133,"column":4},"end":{"line":133,"column":23}},"51":{"start":{"line":135,"column":4},"end":{"line":160,"column":5}},"52":{"start":{"line":136,"column":6},"end":{"line":136,"column":62}},"53":{"start":{"line":138,"column":6},"end":{"line":142,"column":9}},"54":{"start":{"line":144,"column":6},"end":{"line":144,"column":48}},"55":{"start":{"line":146,"column":6},"end":{"line":149,"column":9}},"56":{"start":{"line":152,"column":6},"end":{"line":152,"column":53}},"57":{"start":{"line":154,"column":6},"end":{"line":157,"column":9}},"58":{"start":{"line":159,"column":6},"end":{"line":159,"column":26}},"59":{"start":{"line":163,"column":30},"end":{"line":180,"column":3}},"60":{"start":{"line":164,"column":20},"end":{"line":164,"column":55}},"61":{"start":{"line":164,"column":41},"end":{"line":164,"column":54}},"62":{"start":{"line":165,"column":4},"end":{"line":179,"column":5}},"63":{"start":{"line":166,"column":6},"end":{"line":178,"column":7}},"64":{"start":{"line":167,"column":6},"end":{"line":167,"column":73}},"65":{"start":{"line":168,"column":8},"end":{"line":171,"column":11}},"66":{"start":{"line":173,"column":8},"end":{"line":173,"column":57}},"67":{"start":{"line":174,"column":8},"end":{"line":177,"column":11}},"68":{"start":{"line":182,"column":28},"end":{"line":191,"column":3}},"69":{"start":{"line":183,"column":4},"end":{"line":189,"column":7}},"70":{"start":{"line":190,"column":4},"end":{"line":190,"column":29}},"71":{"start":{"line":193,"column":30},"end":{"line":229,"column":3}},"72":{"start":{"line":194,"column":4},"end":{"line":194,"column":23}},"73":{"start":{"line":195,"column":4},"end":{"line":195,"column":23}},"74":{"start":{"line":197,"column":4},"end":{"line":228,"column":5}},"75":{"start":{"line":198,"column":6},"end":{"line":204,"column":9}},"76":{"start":{"line":206,"column":6},"end":{"line":206,"column":32}},"77":{"start":{"line":207,"column":6},"end":{"line":213,"column":9}},"78":{"start":{"line":215,"column":6},"end":{"line":218,"column":9}},"79":{"start":{"line":221,"column":6},"end":{"line":221,"column":55}},"80":{"start":{"line":222,"column":6},"end":{"line":225,"column":9}},"81":{"start":{"line":227,"column":6},"end":{"line":227,"column":26}},"82":{"start":{"line":231,"column":26},"end":{"line":241,"column":3}},"83":{"start":{"line":232,"column":18},"end":{"line":239,"column":5}},"84":{"start":{"line":240,"column":4},"end":{"line":240,"column":35}},"85":{"start":{"line":243,"column":22},"end":{"line":243,"column":80}},"86":{"start":{"line":243,"column":56},"end":{"line":243,"column":76}},"87":{"start":{"line":245,"column":2},"end":{"line":535,"column":4}},"88":{"start":{"line":252,"column":25},"end":{"line":252,"column":39}},"89":{"start":{"line":262,"column":10},"end":{"line":262,"column":52}},"90":{"start":{"line":263,"column":10},"end":{"line":263,"column":31}},"91":{"start":{"line":302,"column":14},"end":{"line":338,"column":19}},"92":{"start":{"line":323,"column":39},"end":{"line":323,"column":65}},"93":{"start":{"line":330,"column":35},"end":{"line":330,"column":66}},"94":{"start":{"line":347,"column":35},"end":{"line":347,"column":55}},"95":{"start":{"line":372,"column":31},"end":{"line":372,"column":84}},"96":{"start":{"line":385,"column":31},"end":{"line":385,"column":85}},"97":{"start":{"line":395,"column":31},"end":{"line":395,"column":87}},"98":{"start":{"line":408,"column":16},"end":{"line":410,"column":25}},"99":{"start":{"line":420,"column":31},"end":{"line":420,"column":83}},"100":{"start":{"line":445,"column":53},"end":{"line":445,"column":78}},"101":{"start":{"line":449,"column":27},"end":{"line":449,"column":52}},"102":{"start":{"line":463,"column":31},"end":{"line":463,"column":92}},"103":{"start":{"line":476,"column":31},"end":{"line":476,"column":93}},"104":{"start":{"line":486,"column":31},"end":{"line":486,"column":95}},"105":{"start":{"line":499,"column":16},"end":{"line":501,"column":25}},"106":{"start":{"line":511,"column":31},"end":{"line":511,"column":91}},"107":{"start":{"line":519,"column":29},"end":{"line":519,"column":54}}},"fnMap":{"0":{"name":"Expenses","decl":{"start":{"line":11,"column":24},"end":{"line":11,"column":32}},"loc":{"start":{"line":11,"column":35},"end":{"line":536,"column":1}},"line":11},"1":{"name":"(anonymous_1)","decl":{"start":{"line":33,"column":12},"end":{"line":33,"column":13}},"loc":{"start":{"line":33,"column":18},"end":{"line":81,"column":3}},"line":33},"2":{"name":"(anonymous_2)","decl":{"start":{"line":41,"column":56},"end":{"line":41,"column":57}},"loc":{"start":{"line":41,"column":75},"end":{"line":61,"column":7}},"line":41},"3":{"name":"(anonymous_3)","decl":{"start":{"line":43,"column":30},"end":{"line":43,"column":31}},"loc":{"start":{"line":43,"column":39},"end":{"line":45,"column":9}},"line":43},"4":{"name":"(anonymous_4)","decl":{"start":{"line":48,"column":49},"end":{"line":48,"column":50}},"loc":{"start":{"line":48,"column":59},"end":{"line":58,"column":9}},"line":48},"5":{"name":"(anonymous_5)","decl":{"start":{"line":68,"column":60},"end":{"line":68,"column":61}},"loc":{"start":{"line":68,"column":79},"end":{"line":74,"column":7}},"line":68},"6":{"name":"(anonymous_6)","decl":{"start":{"line":70,"column":30},"end":{"line":70,"column":31}},"loc":{"start":{"line":70,"column":39},"end":{"line":72,"column":9}},"line":70},"7":{"name":"(anonymous_7)","decl":{"start":{"line":76,"column":13},"end":{"line":76,"column":14}},"loc":{"start":{"line":76,"column":19},"end":{"line":79,"column":7}},"line":76},"8":{"name":"(anonymous_8)","decl":{"start":{"line":83,"column":27},"end":{"line":83,"column":28}},"loc":{"start":{"line":83,"column":33},"end":{"line":93,"column":3}},"line":83},"9":{"name":"(anonymous_9)","decl":{"start":{"line":95,"column":27},"end":{"line":95,"column":28}},"loc":{"start":{"line":95,"column":40},"end":{"line":161,"column":3}},"line":95},"10":{"name":"(anonymous_10)","decl":{"start":{"line":163,"column":30},"end":{"line":163,"column":31}},"loc":{"start":{"line":163,"column":44},"end":{"line":180,"column":3}},"line":163},"11":{"name":"(anonymous_11)","decl":{"start":{"line":164,"column":34},"end":{"line":164,"column":35}},"loc":{"start":{"line":164,"column":41},"end":{"line":164,"column":54}},"line":164},"12":{"name":"(anonymous_12)","decl":{"start":{"line":182,"column":28},"end":{"line":182,"column":29}},"loc":{"start":{"line":182,"column":41},"end":{"line":191,"column":3}},"line":182},"13":{"name":"(anonymous_13)","decl":{"start":{"line":193,"column":30},"end":{"line":193,"column":31}},"loc":{"start":{"line":193,"column":43},"end":{"line":229,"column":3}},"line":193},"14":{"name":"(anonymous_14)","decl":{"start":{"line":231,"column":26},"end":{"line":231,"column":27}},"loc":{"start":{"line":231,"column":40},"end":{"line":241,"column":3}},"line":231},"15":{"name":"(anonymous_15)","decl":{"start":{"line":243,"column":38},"end":{"line":243,"column":39}},"loc":{"start":{"line":243,"column":56},"end":{"line":243,"column":76}},"line":243},"16":{"name":"(anonymous_16)","decl":{"start":{"line":252,"column":19},"end":{"line":252,"column":20}},"loc":{"start":{"line":252,"column":25},"end":{"line":252,"column":39}},"line":252},"17":{"name":"(anonymous_17)","decl":{"start":{"line":261,"column":25},"end":{"line":261,"column":26}},"loc":{"start":{"line":261,"column":31},"end":{"line":264,"column":9}},"line":261},"18":{"name":"(anonymous_18)","decl":{"start":{"line":301,"column":26},"end":{"line":301,"column":27}},"loc":{"start":{"line":302,"column":14},"end":{"line":338,"column":19}},"line":302},"19":{"name":"(anonymous_19)","decl":{"start":{"line":323,"column":33},"end":{"line":323,"column":34}},"loc":{"start":{"line":323,"column":39},"end":{"line":323,"column":65}},"line":323},"20":{"name":"(anonymous_20)","decl":{"start":{"line":330,"column":29},"end":{"line":330,"column":30}},"loc":{"start":{"line":330,"column":35},"end":{"line":330,"column":66}},"line":330},"21":{"name":"(anonymous_21)","decl":{"start":{"line":347,"column":29},"end":{"line":347,"column":30}},"loc":{"start":{"line":347,"column":35},"end":{"line":347,"column":55}},"line":347},"22":{"name":"(anonymous_22)","decl":{"start":{"line":372,"column":24},"end":{"line":372,"column":25}},"loc":{"start":{"line":372,"column":31},"end":{"line":372,"column":84}},"line":372},"23":{"name":"(anonymous_23)","decl":{"start":{"line":385,"column":24},"end":{"line":385,"column":25}},"loc":{"start":{"line":385,"column":31},"end":{"line":385,"column":85}},"line":385},"24":{"name":"(anonymous_24)","decl":{"start":{"line":395,"column":24},"end":{"line":395,"column":25}},"loc":{"start":{"line":395,"column":31},"end":{"line":395,"column":87}},"line":395},"25":{"name":"(anonymous_25)","decl":{"start":{"line":407,"column":30},"end":{"line":407,"column":31}},"loc":{"start":{"line":408,"column":16},"end":{"line":410,"column":25}},"line":408},"26":{"name":"(anonymous_26)","decl":{"start":{"line":420,"column":24},"end":{"line":420,"column":25}},"loc":{"start":{"line":420,"column":31},"end":{"line":420,"column":83}},"line":420},"27":{"name":"(anonymous_27)","decl":{"start":{"line":445,"column":47},"end":{"line":445,"column":48}},"loc":{"start":{"line":445,"column":53},"end":{"line":445,"column":78}},"line":445},"28":{"name":"(anonymous_28)","decl":{"start":{"line":449,"column":21},"end":{"line":449,"column":22}},"loc":{"start":{"line":449,"column":27},"end":{"line":449,"column":52}},"line":449},"29":{"name":"(anonymous_29)","decl":{"start":{"line":463,"column":24},"end":{"line":463,"column":25}},"loc":{"start":{"line":463,"column":31},"end":{"line":463,"column":92}},"line":463},"30":{"name":"(anonymous_30)","decl":{"start":{"line":476,"column":24},"end":{"line":476,"column":25}},"loc":{"start":{"line":476,"column":31},"end":{"line":476,"column":93}},"line":476},"31":{"name":"(anonymous_31)","decl":{"start":{"line":486,"column":24},"end":{"line":486,"column":25}},"loc":{"start":{"line":486,"column":31},"end":{"line":486,"column":95}},"line":486},"32":{"name":"(anonymous_32)","decl":{"start":{"line":498,"column":30},"end":{"line":498,"column":31}},"loc":{"start":{"line":499,"column":16},"end":{"line":501,"column":25}},"line":499},"33":{"name":"(anonymous_33)","decl":{"start":{"line":511,"column":24},"end":{"line":511,"column":25}},"loc":{"start":{"line":511,"column":31},"end":{"line":511,"column":91}},"line":511},"34":{"name":"(anonymous_34)","decl":{"start":{"line":519,"column":23},"end":{"line":519,"column":24}},"loc":{"start":{"line":519,"column":29},"end":{"line":519,"column":54}},"line":519}},"branchMap":{"0":{"loc":{"start":{"line":34,"column":4},"end":{"line":80,"column":5}},"type":"if","locations":[{"start":{"line":34,"column":4},"end":{"line":80,"column":5}},{"start":{},"end":{}}],"line":34},"1":{"loc":{"start":{"line":50,"column":10},"end":{"line":52,"column":11}},"type":"if","locations":[{"start":{"line":50,"column":10},"end":{"line":52,"column":11}},{"start":{},"end":{}}],"line":50},"2":{"loc":{"start":{"line":50,"column":14},"end":{"line":50,"column":40}},"type":"binary-expr","locations":[{"start":{"line":50,"column":14},"end":{"line":50,"column":25}},{"start":{"line":50,"column":29},"end":{"line":50,"column":40}}],"line":50},"3":{"loc":{"start":{"line":54,"column":10},"end":{"line":56,"column":11}},"type":"if","locations":[{"start":{"line":54,"column":10},"end":{"line":56,"column":11}},{"start":{},"end":{}}],"line":54},"4":{"loc":{"start":{"line":54,"column":14},"end":{"line":54,"column":30}},"type":"binary-expr","locations":[{"start":{"line":54,"column":14},"end":{"line":54,"column":20}},{"start":{"line":54,"column":24},"end":{"line":54,"column":30}}],"line":54},"5":{"loc":{"start":{"line":100,"column":4},"end":{"line":107,"column":5}},"type":"if","locations":[{"start":{"line":100,"column":4},"end":{"line":107,"column":5}},{"start":{},"end":{}}],"line":100},"6":{"loc":{"start":{"line":110,"column":4},"end":{"line":117,"column":5}},"type":"if","locations":[{"start":{"line":110,"column":4},"end":{"line":117,"column":5}},{"start":{},"end":{}}],"line":110},"7":{"loc":{"start":{"line":165,"column":4},"end":{"line":179,"column":5}},"type":"if","locations":[{"start":{"line":165,"column":4},"end":{"line":179,"column":5}},{"start":{},"end":{}}],"line":165},"8":{"loc":{"start":{"line":240,"column":11},"end":{"line":240,"column":34}},"type":"binary-expr","locations":[{"start":{"line":240,"column":11},"end":{"line":240,"column":26}},{"start":{"line":240,"column":30},"end":{"line":240,"column":34}}],"line":240},"9":{"loc":{"start":{"line":248,"column":7},"end":{"line":254,"column":7}},"type":"binary-expr","locations":[{"start":{"line":248,"column":7},"end":{"line":248,"column":12}},{"start":{"line":249,"column":8},"end":{"line":253,"column":10}}],"line":248},"10":{"loc":{"start":{"line":283,"column":14},"end":{"line":283,"column":87}},"type":"cond-expr","locations":[{"start":{"line":283,"column":36},"end":{"line":283,"column":78}},{"start":{"line":283,"column":81},"end":{"line":283,"column":87}}],"line":283},"11":{"loc":{"start":{"line":289,"column":9},"end":{"line":351,"column":9}},"type":"cond-expr","locations":[{"start":{"line":290,"column":8},"end":{"line":341,"column":16}},{"start":{"line":343,"column":10},"end":{"line":350,"column":16}}],"line":289},"12":{"loc":{"start":{"line":438,"column":15},"end":{"line":438,"column":54}},"type":"cond-expr","locations":[{"start":{"line":438,"column":27},"end":{"line":438,"column":38}},{"start":{"line":438,"column":41},"end":{"line":438,"column":54}}],"line":438},"13":{"loc":{"start":{"line":529,"column":15},"end":{"line":529,"column":59}},"type":"cond-expr","locations":[{"start":{"line":529,"column":27},"end":{"line":529,"column":40}},{"start":{"line":529,"column":43},"end":{"line":529,"column":59}}],"line":529}},"s":{"0":0,"1":0,"2":0,"3":0,"4":0,"5":0,"6":0,"7":0,"8":0,"9":0,"10":0,"11":0,"12":0,"13":0,"14":0,"15":0,"16":0,"17":0,"18":0,"19":0,"20":0,"21":0,"22":0,"23":0,"24":0,"25":0,"26":0,"27":0,"28":0,"29":0,"30":0,"31":0,"32":0,"33":0,"34":0,"35":0,"36":0,"37":0,"38":0,"39":0,"40":0,"41":0,"42":0,"43":0,"44":0,"45":0,"46":0,"47":0,"48":0,"49":0,"50":0,"51":0,"52":0,"53":0,"54":0,"55":0,"56":0,"57":0,"58":0,"59":0,"60":0,"61":0,"62":0,"63":0,"64":0,"65":0,"66":0,"67":0,"68":0,"69":0,"70":0,"71":0,"72":0,"73":0,"74":0,"75":0,"76":0,"77":0,"78":0,"79":0,"80":0,"81":0,"82":0,"83":0,"84":0,"85":0,"86":0,"87":0,"88":0,"89":0,"90":0,"91":0,"92":0,"93":0,"94":0,"95":0,"96":0,"97":0,"98":0,"99":0,"100":0,"101":0,"102":0,"103":0,"104":0,"105":0,"106":0,"107":0},"f":{"0":0,"1":0,"2":0,"3":0,"4":0,"5":0,"6":0,"7":0,"8":0,"9":0,"10":0,"11":0,"12":0,"13":0,"14":0,"15":0,"16":0,"17":0,"18":0,"19":0,"20":0,"21":0,"22":0,"23":0,"24":0,"25":0,"26":0,"27":0,"28":0,"29":0,"30":0,"31":0,"32":0,"33":0,"34":0},"b":{"0":[0,0],"1":[0,0],"2":[0,0],"3":[0,0],"4":[0,0],"5":[0,0],"6":[0,0],"7":[0,0],"8":[0,0],"9":[0,0],"10":[0,0],"11":[0,0],"12":[0,0],"13":[0,0]}}
,"/Users/jasleenminhas/Desktop/Finance-Tracker/finance-tracker/src/components/Dashboard/Reports.jsx": {"path":"/Users/jasleenminhas/Desktop/Finance-Tracker/finance-tracker/src/components/Dashboard/Reports.jsx","statementMap":{"0":{"start":{"line":13,"column":34},"end":{"line":13,"column":46}},"1":{"start":{"line":14,"column":50},"end":{"line":14,"column":62}},"2":{"start":{"line":15,"column":38},"end":{"line":15,"column":53}},"3":{"start":{"line":16,"column":48},"end":{"line":19,"column":4}},"4":{"start":{"line":20,"column":48},"end":{"line":20,"column":63}},"5":{"start":{"line":21,"column":52},"end":{"line":21,"column":67}},"6":{"start":{"line":22,"column":26},"end":{"line":22,"column":35}},"7":{"start":{"line":24,"column":2},"end":{"line":41,"column":20}},"8":{"start":{"line":25,"column":4},"end":{"line":40,"column":5}},"9":{"start":{"line":26,"column":24},"end":{"line":29,"column":7}},"10":{"start":{"line":31,"column":26},"end":{"line":37,"column":8}},"11":{"start":{"line":32,"column":29},"end":{"line":32,"column":31}},"12":{"start":{"line":33,"column":8},"end":{"line":35,"column":11}},"13":{"start":{"line":34,"column":10},"end":{"line":34,"column":59}},"14":{"start":{"line":36,"column":8},"end":{"line":36,"column":34}},"15":{"start":{"line":39,"column":6},"end":{"line":39,"column":33}},"16":{"start":{"line":39,"column":19},"end":{"line":39,"column":32}},"17":{"start":{"line":43,"column":2},"end":{"line":45,"column":46}},"18":{"start":{"line":44,"column":4},"end":{"line":44,"column":21}},"19":{"start":{"line":47,"column":25},"end":{"line":112,"column":3}},"20":{"start":{"line":48,"column":19},"end":{"line":48,"column":32}},"21":{"start":{"line":50,"column":4},"end":{"line":101,"column":5}},"22":{"start":{"line":52,"column":22},"end":{"line":52,"column":54}},"23":{"start":{"line":53,"column":8},"end":{"line":53,"column":70}},"24":{"start":{"line":53,"column":46},"end":{"line":53,"column":68}},"25":{"start":{"line":54,"column":8},"end":{"line":54,"column":14}},"26":{"start":{"line":56,"column":20},"end":{"line":56,"column":30}},"27":{"start":{"line":57,"column":33},"end":{"line":57,"column":50}},"28":{"start":{"line":58,"column":31},"end":{"line":58,"column":46}},"29":{"start":{"line":59,"column":8},"end":{"line":62,"column":11}},"30":{"start":{"line":60,"column":30},"end":{"line":60,"column":52}},"31":{"start":{"line":61,"column":10},"end":{"line":61,"column":82}},"32":{"start":{"line":63,"column":8},"end":{"line":63,"column":14}},"33":{"start":{"line":65,"column":26},"end":{"line":65,"column":50}},"34":{"start":{"line":66,"column":33},"end":{"line":66,"column":56}},"35":{"start":{"line":67,"column":31},"end":{"line":67,"column":52}},"36":{"start":{"line":68,"column":8},"end":{"line":71,"column":11}},"37":{"start":{"line":69,"column":30},"end":{"line":69,"column":52}},"38":{"start":{"line":70,"column":10},"end":{"line":70,"column":82}},"39":{"start":{"line":72,"column":8},"end":{"line":72,"column":14}},"40":{"start":{"line":74,"column":25},"end":{"line":74,"column":35}},"41":{"start":{"line":75,"column":32},"end":{"line":75,"column":53}},"42":{"start":{"line":76,"column":30},"end":{"line":76,"column":49}},"43":{"start":{"line":77,"column":8},"end":{"line":80,"column":11}},"44":{"start":{"line":78,"column":30},"end":{"line":78,"column":52}},"45":{"start":{"line":79,"column":10},"end":{"line":79,"column":80}},"46":{"start":{"line":81,"column":8},"end":{"line":81,"column":14}},"47":{"start":{"line":83,"column":25},"end":{"line":83,"column":48}},"48":{"start":{"line":84,"column":32},"end":{"line":84,"column":53}},"49":{"start":{"line":85,"column":30},"end":{"line":85,"column":49}},"50":{"start":{"line":86,"column":8},"end":{"line":89,"column":11}},"51":{"start":{"line":87,"column":30},"end":{"line":87,"column":52}},"52":{"start":{"line":88,"column":10},"end":{"line":88,"column":80}},"53":{"start":{"line":90,"column":8},"end":{"line":90,"column":14}},"54":{"start":{"line":92,"column":8},"end":{"line":97,"column":11}},"55":{"start":{"line":93,"column":30},"end":{"line":93,"column":52}},"56":{"start":{"line":94,"column":28},"end":{"line":94,"column":63}},"57":{"start":{"line":95,"column":26},"end":{"line":95,"column":59}},"58":{"start":{"line":96,"column":10},"end":{"line":96,"column":68}},"59":{"start":{"line":98,"column":8},"end":{"line":98,"column":14}},"60":{"start":{"line":100,"column":8},"end":{"line":100,"column":28}},"61":{"start":{"line":104,"column":4},"end":{"line":109,"column":7}},"62":{"start":{"line":105,"column":6},"end":{"line":107,"column":7}},"63":{"start":{"line":106,"column":8},"end":{"line":106,"column":71}},"64":{"start":{"line":108,"column":6},"end":{"line":108,"column":15}},"65":{"start":{"line":111,"column":4},"end":{"line":111,"column":34}},"66":{"start":{"line":114,"column":26},"end":{"line":135,"column":3}},"67":{"start":{"line":115,"column":24},"end":{"line":115,"column":26}},"68":{"start":{"line":117,"column":4},"end":{"line":123,"column":7}},"69":{"start":{"line":118,"column":6},"end":{"line":122,"column":7}},"70":{"start":{"line":119,"column":8},"end":{"line":119,"column":56}},"71":{"start":{"line":121,"column":8},"end":{"line":121,"column":55}},"72":{"start":{"line":125,"column":4},"end":{"line":134,"column":6}},"73":{"start":{"line":137,"column":25},"end":{"line":163,"column":3}},"74":{"start":{"line":138,"column":23},"end":{"line":138,"column":25}},"75":{"start":{"line":140,"column":4},"end":{"line":147,"column":7}},"76":{"start":{"line":141,"column":20},"end":{"line":141,"column":62}},"77":{"start":{"line":142,"column":6},"end":{"line":146,"column":7}},"78":{"start":{"line":143,"column":8},"end":{"line":143,"column":44}},"79":{"start":{"line":145,"column":8},"end":{"line":145,"column":43}},"80":{"start":{"line":149,"column":25},"end":{"line":151,"column":6}},"81":{"start":{"line":150,"column":6},"end":{"line":150,"column":39}},"82":{"start":{"line":153,"column":4},"end":{"line":162,"column":6}},"83":{"start":{"line":157,"column":40},"end":{"line":157,"column":57}},"84":{"start":{"line":165,"column":22},"end":{"line":186,"column":3}},"85":{"start":{"line":166,"column":20},"end":{"line":166,"column":59}},"86":{"start":{"line":167,"column":23},"end":{"line":175,"column":16}},"87":{"start":{"line":169,"column":41},"end":{"line":174,"column":17}},"88":{"start":{"line":177,"column":17},"end":{"line":177,"column":76}},"89":{"start":{"line":178,"column":17},"end":{"line":178,"column":44}},"90":{"start":{"line":179,"column":16},"end":{"line":179,"column":41}},"91":{"start":{"line":180,"column":4},"end":{"line":180,"column":35}},"92":{"start":{"line":181,"column":4},"end":{"line":181,"column":86}},"93":{"start":{"line":182,"column":4},"end":{"line":182,"column":37}},"94":{"start":{"line":183,"column":4},"end":{"line":183,"column":36}},"95":{"start":{"line":184,"column":4},"end":{"line":184,"column":17}},"96":{"start":{"line":185,"column":4},"end":{"line":185,"column":36}},"97":{"start":{"line":188,"column":22},"end":{"line":349,"column":3}},"98":{"start":{"line":189,"column":4},"end":{"line":189,"column":29}},"99":{"start":{"line":190,"column":4},"end":{"line":348,"column":5}},"100":{"start":{"line":191,"column":18},"end":{"line":191,"column":44}},"101":{"start":{"line":192,"column":24},"end":{"line":192,"column":56}},"102":{"start":{"line":193,"column":25},"end":{"line":193,"column":58}},"103":{"start":{"line":194,"column":21},"end":{"line":194,"column":23}},"104":{"start":{"line":195,"column":27},"end":{"line":195,"column":51}},"105":{"start":{"line":197,"column":22},"end":{"line":197,"column":28}},"106":{"start":{"line":200,"column":6},"end":{"line":200,"column":37}},"107":{"start":{"line":201,"column":6},"end":{"line":201,"column":41}},"108":{"start":{"line":204,"column":6},"end":{"line":204,"column":35}},"109":{"start":{"line":205,"column":6},"end":{"line":205,"column":26}},"110":{"start":{"line":206,"column":6},"end":{"line":206,"column":39}},"111":{"start":{"line":207,"column":6},"end":{"line":207,"column":54}},"112":{"start":{"line":209,"column":6},"end":{"line":209,"column":26}},"113":{"start":{"line":210,"column":6},"end":{"line":210,"column":41}},"114":{"start":{"line":211,"column":6},"end":{"line":211,"column":83}},"115":{"start":{"line":213,"column":6},"end":{"line":213,"column":21}},"116":{"start":{"line":216,"column":6},"end":{"line":216,"column":32}},"117":{"start":{"line":217,"column":6},"end":{"line":217,"column":26}},"118":{"start":{"line":218,"column":6},"end":{"line":218,"column":39}},"119":{"start":{"line":219,"column":6},"end":{"line":219,"column":52}},"120":{"start":{"line":221,"column":6},"end":{"line":221,"column":22}},"121":{"start":{"line":223,"column":6},"end":{"line":223,"column":26}},"122":{"start":{"line":224,"column":6},"end":{"line":224,"column":41}},"123":{"start":{"line":225,"column":6},"end":{"line":225,"column":69}},"124":{"start":{"line":226,"column":6},"end":{"line":226,"column":21}},"125":{"start":{"line":227,"column":6},"end":{"line":227,"column":84}},"126":{"start":{"line":228,"column":6},"end":{"line":228,"column":21}},"127":{"start":{"line":229,"column":6},"end":{"line":229,"column":78}},"128":{"start":{"line":230,"column":6},"end":{"line":230,"column":21}},"129":{"start":{"line":231,"column":6},"end":{"line":231,"column":87}},"130":{"start":{"line":233,"column":6},"end":{"line":233,"column":22}},"131":{"start":{"line":236,"column":6},"end":{"line":236,"column":26}},"132":{"start":{"line":237,"column":6},"end":{"line":237,"column":39}},"133":{"start":{"line":238,"column":6},"end":{"line":238,"column":52}},"134":{"start":{"line":240,"column":6},"end":{"line":240,"column":22}},"135":{"start":{"line":242,"column":20},"end":{"line":247,"column":7}},"136":{"start":{"line":249,"column":6},"end":{"line":25
[...]
:[{"start":{"line":135,"column":8},"end":{"line":135,"column":18}},{"start":{"line":135,"column":22},"end":{"line":135,"column":32}}],"line":135},"20":{"loc":{"start":{"line":152,"column":4},"end":{"line":152,"column":28}},"type":"if","locations":[{"start":{"line":152,"column":4},"end":{"line":152,"column":28}},{"start":{},"end":{}}],"line":152},"21":{"loc":{"start":{"line":159,"column":6},"end":{"line":163,"column":7}},"type":"if","locations":[{"start":{"line":159,"column":6},"end":{"line":163,"column":7}},{"start":{},"end":{}}],"line":159},"22":{"loc":{"start":{"line":159,"column":10},"end":{"line":159,"column":33}},"type":"binary-expr","locations":[{"start":{"line":159,"column":10},"end":{"line":159,"column":17}},{"start":{"line":159,"column":21},"end":{"line":159,"column":33}}],"line":159},"23":{"loc":{"start":{"line":170,"column":6},"end":{"line":174,"column":7}},"type":"if","locations":[{"start":{"line":170,"column":6},"end":{"line":174,"column":7}},{"start":{},"end":{}}],"line":170},"24":{"loc":{"start":{"line":170,"column":10},"end":{"line":170,"column":33}},"type":"binary-expr","locations":[{"start":{"line":170,"column":10},"end":{"line":170,"column":17}},{"start":{"line":170,"column":21},"end":{"line":170,"column":33}}],"line":170},"25":{"loc":{"start":{"line":179,"column":6},"end":{"line":183,"column":7}},"type":"if","locations":[{"start":{"line":179,"column":6},"end":{"line":183,"column":7}},{"start":{"line":181,"column":13},"end":{"line":183,"column":7}}],"line":179},"26":{"loc":{"start":{"line":179,"column":10},"end":{"line":179,"column":33}},"type":"binary-expr","locations":[{"start":{"line":179,"column":10},"end":{"line":179,"column":17}},{"start":{"line":179,"column":21},"end":{"line":179,"column":33}}],"line":179},"27":{"loc":{"start":{"line":202,"column":43},"end":{"line":202,"column":76}},"type":"cond-expr","locations":[{"start":{"line":202,"column":57},"end":{"line":202,"column":71}},{"start":{"line":202,"column":74},"end":{"line":202,"column":76}}],"line":202},"28":{"loc":{"start":{"line":204,"column":7},"end":{"line":206,"column":7}},"type":"binary-expr","locations":[{"start":{"line":204,"column":7},"end":{"line":204,"column":17}},{"start":{"line":205,"column":8},"end":{"line":205,"column":85}}],"line":204},"29":{"loc":{"start":{"line":205,"column":48},"end":{"line":205,"column":79}},"type":"cond-expr","locations":[{"start":{"line":205,"column":68},"end":{"line":205,"column":74}},{"start":{"line":205,"column":77},"end":{"line":205,"column":79}}],"line":205},"30":{"loc":{"start":{"line":209,"column":7},"end":{"line":217,"column":7}},"type":"binary-expr","locations":[{"start":{"line":209,"column":7},"end":{"line":209,"column":17}},{"start":{"line":210,"column":8},"end":{"line":216,"column":10}}],"line":209},"31":{"loc":{"start":{"line":212,"column":40},"end":{"line":212,"column":65}},"type":"cond-expr","locations":[{"start":{"line":212,"column":54},"end":{"line":212,"column":60}},{"start":{"line":212,"column":63},"end":{"line":212,"column":65}}],"line":212}},"s":{"0":0,"1":0,"2":0,"3":0,"4":0,"5":0,"6":0,"7":0,"8":0,"9":0,"10":0,"11":0,"12":0,"13":0,"14":0,"15":0,"16":0,"17":0,"18":0,"19":0,"20":0,"21":0,"22":0,"23":0,"24":0,"25":0,"26":0,"27":0,"28":0,"29":0,"30":0,"31":0,"32":0,"33":0,"34":0,"35":0,"36":0,"37":0,"38":0,"39":0,"40":0,"41":0,"42":0,"43":0,"44":0,"45":0,"46":0,"47":0,"48":0,"49":0,"50":0,"51":0,"52":0,"53":0,"54":0,"55":0,"56":0,"57":0,"58":0,"59":0,"60":0,"61":0,"62":0,"63":0,"64":0,"65":0,"66":0,"67":0,"68":0,"69":0,"70":0,"71":0,"72":0,"73":0,"74":0,"75":0,"76":0,"77":0,"78":0,"79":0,"80":0,"81":0,"82":0,"83":0,"84":0,"85":0,"86":0,"87":0,"88":0,"89":0,"90":0,"91":0,"92":0,"93":0,"94":0,"95":0,"96":0,"97":0,"98":0,"99":0,"100":0,"101":0,"102":0,"103":0,"104":0,"105":0,"106":0,"107":0,"108":0,"109":0,"110":0,"111":0,"112":0},"f":{"0":0,"1":0,"2":0,"3":0,"4":0,"5":0,"6":0,"7":0,"8":0,"9":0,"10":0,"11":0,"12":0,"13":0,"14":0,"15":0,"16":0,"17":0,"18":0,"19":0,"20":0,"21":0,"22":0,"23":0},"b":{"0":[0,0],"1":[0,0],"2":[0,0],"3":[0,0],"4":[0,0],"5":[0,0],"6":[0,0],"7":[0,0],"8":[0,0],"9":[0,0],"10":[0,0],"11":[0,0],"12":[0,0],"13":[0,0],"14":[0,0],"15":[0,0],"16":[0,0],"17":[0,0],"18":[0,0],"19":[0,0],"20":[0,0],"21":[0,0],"22":[0,0],"23":[0,0],"24":[0,0],"25":[0,0],"26":[0,0],"27":[0,0],"28":[0,0],"29":[0,0],"30":[0,0],"31":[0,0]}}
,"/Users/jasleenminhas/Desktop/Finance-Tracker/finance-tracker/src/pages/Landing.jsx": {"path":"/Users/jasleenminhas/Desktop/Finance-Tracker/finance-tracker/src/pages/Landing.jsx","statementMap":{"0":{"start":{"line":6,"column":2},"end":{"line":194,"column":4}}},"fnMap":{"0":{"name":"Landing","decl":{"start":{"line":5,"column":24},"end":{"line":5,"column":31}},"loc":{"start":{"line":5,"column":34},"end":{"line":195,"column":1}},"line":5}},"branchMap":{},"s":{"0":0},"f":{"0":0},"b":{}}
,"/Users/jasleenminhas/Desktop/Finance-Tracker/finance-tracker/src/pages/PrivateRoute.jsx": {"path":"/Users/jasleenminhas/Desktop/Finance-Tracker/finance-tracker/src/pages/PrivateRoute.jsx","statementMap":{"0":{"start":{"line":5,"column":26},"end":{"line":5,"column":35}},"1":{"start":{"line":7,"column":2},"end":{"line":9,"column":3}},"2":{"start":{"line":8,"column":4},"end":{"line":8,"column":44}},"3":{"start":{"line":11,"column":2},"end":{"line":11,"column":18}}},"fnMap":{"0":{"name":"PrivateRoute","decl":{"start":{"line":4,"column":24},"end":{"line":4,"column":36}},"loc":{"start":{"line":4,"column":51},"end":{"line":12,"column":1}},"line":4}},"branchMap":{"0":{"loc":{"start":{"line":7,"column":2},"end":{"line":9,"column":3}},"type":"if","locations":[{"start":{"line":7,"column":2},"end":{"line":9,"column":3}},{"start":{},"end":{}}],"line":7}},"s":{"0":0,"1":0,"2":0,"3":0},"f":{"0":0},"b":{"0":[0,0]}}
,"/Users/jasleenminhas/Desktop/Finance-Tracker/finance-tracker/src/services/database.js": {"path":"/Users/jasleenminhas/Desktop/Finance-Tracker/finance-tracker/src/services/database.js","statementMap":{"0":{"start":{"line":15,"column":28},"end":{"line":23,"column":3}},"1":{"start":{"line":16,"column":4},"end":{"line":22,"column":5}},"2":{"start":{"line":17,"column":21},"end":{"line":17,"column":74}},"3":{"start":{"line":18,"column":6},"end":{"line":18,"column":23}},"4":{"start":{"line":20,"column":6},"end":{"line":20,"column":53}},"5":{"start":{"line":21,"column":6},"end":{"line":21,"column":18}},"6":{"start":{"line":25,"column":29},"end":{"line":38,"column":3}},"7":{"start":{"line":26,"column":4},"end":{"line":37,"column":5}},"8":{"start":{"line":27,"column":16},"end":{"line":27,"column":80}},"9":{"start":{"line":28,"column":28},"end":{"line":28,"column":44}},"10":{"start":{"line":29,"column":23},"end":{"line":29,"column":25}},"11":{"start":{"line":30,"column":6},"end":{"line":32,"column":9}},"12":{"start":{"line":31,"column":8},"end":{"line":31,"column":53}},"13":{"start":{"line":33,"column":6},"end":{"line":33,"column":22}},"14":{"start":{"line":35,"column":6},"end":{"line":35,"column":55}},"15":{"start":{"line":36,"column":6},"end":{"line":36,"column":18}},"16":{"start":{"line":40,"column":31},"end":{"line":47,"column":3}},"17":{"start":{"line":41,"column":4},"end":{"line":46,"column":5}},"18":{"start":{"line":42,"column":6},"end":{"line":42,"column":54}},"19":{"start":{"line":44,"column":6},"end":{"line":44,"column":55}},"20":{"start":{"line":45,"column":6},"end":{"line":45,"column":18}},"21":{"start":{"line":50,"column":29},"end":{"line":58,"column":3}},"22":{"start":{"line":51,"column":4},"end":{"line":57,"column":5}},"23":{"start":{"line":52,"column":21},"end":{"line":52,"column":77}},"24":{"start":{"line":53,"column":6},"end":{"line":53,"column":23}},"25":{"start":{"line":55,"column":6},"end":{"line":55,"column":54}},"26":{"start":{"line":56,"column":6},"end":{"line":56,"column":18}},"27":{"start":{"line":60,"column":31},"end":{"line":73,"column":3}},"28":{"start":{"line":61,"column":4},"end":{"line":72,"column":5}},"29":{"start":{"line":62,"column":16},"end":{"line":62,"column":82}},"30":{"start":{"line":63,"column":28},"end":{"line":63,"column":44}},"31":{"start":{"line":64,"column":25},"end":{"line":64,"column":27}},"32":{"start":{"line":65,"column":6},"end":{"line":67,"column":9}},"33":{"start":{"line":66,"column":8},"end":{"line":66,"column":55}},"34":{"start":{"line":68,"column":6},"end":{"line":68,"column":24}},"35":{"start":{"line":70,"column":6},"end":{"line":70,"column":57}},"36":{"start":{"line":71,"column":6},"end":{"line":71,"column":18}},"37":{"start":{"line":76,"column":37},"end":{"line":85,"column":3}},"38":{"start":{"line":77,"column":14},"end":{"line":77,"column":78}},"39":{"start":{"line":78,"column":4},"end":{"line":84,"column":7}},"40":{"start":{"line":79,"column":23},"end":{"line":79,"column":25}},"41":{"start":{"line":80,"column":6},"end":{"line":82,"column":9}},"42":{"start":{"line":81,"column":8},"end":{"line":81,"column":53}},"43":{"start":{"line":83,"column":6},"end":{"line":83,"column":25}},"44":{"start":{"line":87,"column":39},"end":{"line":96,"column":3}},"45":{"start":{"line":88,"column":14},"end":{"line":88,"column":80}},"46":{"start":{"line":89,"column":4},"end":{"line":95,"column":7}},"47":{"start":{"line":90,"column":25},"end":{"line":90,"column":27}},"48":{"start":{"line":91,"column":6},"end":{"line":93,"column":9}},"49":{"start":{"line":92,"column":8},"end":{"line":92,"column":55}},"50":{"start":{"line":94,"column":6},"end":{"line":94,"column":27}}},"fnMap":{"0":{"name":"(anonymous_0)","decl":{"start":{"line":15,"column":28},"end":{"line":15,"column":29}},"loc":{"start":{"line":15,"column":51},"end":{"line":23,"column":3}},"line":15},"1":{"name":"(anonymous_1)","decl":{"start":{"line":25,"column":29},"end":{"line":25,"column":30}},"loc":{"start":{"line":25,"column":47},"end":{"line":38,"column":3}},"line":25},"2":{"name":"(anonymous_2)","decl":{"start":{"line":30,"column":28},"end":{"line":30,"column":29}},"loc":{"start":{"line":30,"column":37},"end":{"line":32,"column":7}},"line":30},"3":{"name":"(anonymous_3)","decl":{"start":{"line":40,"column":31},"end":{"line":40,"column":32}},"loc":{"start":{"line":40,"column":52},"end":{"line":47,"column":3}},"line":40},"4":{"name":"(anonymous_4)","decl":{"start":{"line":50,"column":29},"end":{"line":50,"column":30}},"loc":{"start":{"line":50,"column":53},"end":{"line":58,"column":3}},"line":50},"5":{"name":"(anonymous_5)","decl":{"start":{"line":60,"column":31},"end":{"line":60,"column":32}},"loc":{"start":{"line":60,"column":49},"end":{"line":73,"column":3}},"line":60},"6":{"name":"(anonymous_6)","decl":{"start":{"line":65,"column":28},"end":{"line":65,"column":29}},"loc":{"start":{"line":65,"column":37},"end":{"line":67,"column":7}},"line":65},"7":{"name":"(anonymous_7)","decl":{"start":{"line":76,"column":37},"end":{"line":76,"column":38}},"loc":{"start":{"line":76,"column":59},"end":{"line":85,"column":3}},"line":76},"8":{"name":"(anonymous_8)","decl":{"start":{"line":78,"column":25},"end":{"line":78,"column":26}},"loc":{"start":{"line":78,"column":44},"end":{"line":84,"column":5}},"line":78},"9":{"name":"(anonymous_9)","decl":{"start":{"line":80,"column":28},"end":{"line":80,"column":29}},"loc":{"start":{"line":80,"column":37},"end":{"line":82,"column":7}},"line":80},"10":{"name":"(anonymous_10)","decl":{"start":{"line":87,"column":39},"end":{"line":87,"column":40}},"loc":{"start":{"line":87,"column":61},"end":{"line":96,"column":3}},"line":87},"11":{"name":"(anonymous_11)","decl":{"start":{"line":89,"column":25},"end":{"line":89,"column":26}},"loc":{"start":{"line":89,"column":44},"end":{"line":95,"column":5}},"line":89},"12":{"name":"(anonymous_12)","decl":{"start":{"line":91,"column":28},"end":{"line":91,"column":29}},"loc":{"start":{"line":91,"column":37},"end":{"line":93,"column":7}},"line":91}},"branchMap":{},"s":{"0":1,"1":2,"2":2,"3":1,"4":1,"5":1,"6":1,"7":2,"8":2,"9":2,"10":1,"11":1,"12":2,"13":1,"14":1,"15":1,"16":1,"17":2,"18":2,"19":1,"20":1,"21":1,"22":2,"23":2,"24":1,"25":1,"26":1,"27":1,"28":2,"29":2,"30":2,"31":1,"32":1,"33":2,"34":1,"35":1,"36":1,"37":1,"38":2,"39":2,"40":1,"41":1,"42":1,"43":1,"44":1,"45":2,"46":2,"47":1,"48":1,"49":1,"50":1},"f":{"0":2,"1":2,"2":2,"3":2,"4":2,"5":2,"6":2,"7":2,"8":1,"9":1,"10":2,"11":1,"12":1},"b":{},"_coverageSchema":"1a1c01bbd47fc00a2c39e90264f33305004495a9","hash":"397d0ef20d2fa2520d66b018b90873fe097a6dde"}
,"/Users/jasleenminhas/Desktop/Finance-Tracker/finance-tracker/src/utils/expenseUtils.js": {"path":"/Users/jasleenminhas/Desktop/Finance-Tracker/finance-tracker/src/utils/expenseUtils.js","statementMap":{"0":{"start":{"line":6,"column":32},"end":{"line":9,"column":1}},"1":{"start":{"line":7,"column":2},"end":{"line":7,"column":41}},"2":{"start":{"line":7,"column":32},"end":{"line":7,"column":41}},"3":{"start":{"line":8,"column":2},"end":{"line":8,"column":79}},"4":{"start":{"line":8,"column":45},"end":{"line":8,"column":74}},"5":{"start":{"line":17,"column":34},"end":{"line":22,"column":1}},"6":{"start":{"line":18,"column":2},"end":{"line":18,"column":41}},"7":{"start":{"line":18,"column":32},"end":{"line":18,"column":41}},"8":{"start":{"line":19,"column":2},"end":{"line":21,"column":66}},"9":{"start":{"line":20,"column":23},"end":{"line":20,"column":52}},"10":{"start":{"line":21,"column":32},"end":{"line":21,"column":61}},"11":{"start":{"line":30,"column":31},"end":{"line":35,"column":1}},"12":{"start":{"line":31,"column":2},"end":{"line":31,"column":41}},"13":{"start":{"line":31,"column":32},"end":{"line":31,"column":41}},"14":{"start":{"line":32,"column":2},"end":{"line":34,"column":66}},"15":{"start":{"line":33,"column":23},"end":{"line":33,"column":69}},"16":{"start":{"line":34,"column":32},"end":{"line":34,"column":61}},"17":{"start":{"line":43,"column":30},"end":{"line":48,"column":1}},"18":{"start":{"line":44,"column":2},"end":{"line":47,"column":25}},"19":{"start":{"line":55,"column":34},"end":{"line":58,"column":1}},"20":{"start":{"line":56,"column":2},"end":{"line":56,"column":42}},"21":{"start":{"line":56,"column":32},"end":{"line":56,"column":42}},"22":{"start":{"line":57,"column":2},"end":{"line":57,"column":75}},"23":{"start":{"line":57,"column":38},"end":{"line":57,"column":73}},"24":{"start":{"line":66,"column":38},"end":{"line":75,"column":1}},"25":{"start":{"line":67,"column":2},"end":{"line":67,"column":42}},"26":{"start":{"line":67,"column":32},"end":{"line":67,"column":42}},"27":{"start":{"line":68,"column":21},"end":{"line":68,"column":31}},"28":{"start":{"line":69,"column":2},"end":{"line":69,"column":50}},"29":{"start":{"line":71,"column":2},"end":{"line":74,"column":5}},"30":{"start":{"line":72,"column":24},"end":{"line":72,"column":46}},"31":{"start":{"line":73,"column":4},"end":{"line":73,"column":37}}},"fnMap":{"0":{"name":"(anonymous_0)","decl":{"start":{"line":6,"column":32},"end":{"line":6,"column":33}},"loc":{"start":{"line":6,"column":46},"end":{"line":9,"column":1}},"line":6},"1":{"name":"(anonymous_1)","decl":{"start":{"line":8,"column":25},"end":{"line":8,"column":26}},"loc":{"start":{"line":8,"column":45},"end":{"line":8,"column":74}},"line":8},"2":{"name":"(anonymous_2)","decl":{"start":{"line":17,"column":34},"end":{"line":17,"column":35}},"loc":{"start":{"line":17,"column":58},"end":{"line":22,"column":1}},"line":17},"3":{"name":"(anonymous_3)","decl":{"start":{"line":20,"column":12},"end":{"line":20,"column":13}},"loc":{"start":{"line":20,"column":23},"end":{"line":20,"column":52}},"line":20},"4":{"name":"(anonymous_4)","decl":{"start":{"line":21,"column":12},"end":{"line":21,"column":13}},"loc":{"start":{"line":21,"column":32},"end":{"line":21,"column":61}},"line":21},"5":{"name":"(anonymous_5)","decl":{"start":{"line":30,"column":31},"end":{"line":30,"column":32}},"loc":{"start":{"line":30,"column":52},"end":{"line":35,"column":1}},"line":30},"6":{"name":"(anonymous_6)","decl":{"start":{"line":33,"column":12},"end":{"line":33,"column":13}},"loc":{"start":{"line":33,"column":23},"end":{"line":33,"column":69}},"line":33},"7":{"name":"(anonymous_7)","decl":{"start":{"line":34,"column":12},"end":{"line":34,"column":13}},"loc":{"start":{"line":34,"column":32},"end":{"line":34,"column":61}},"line":34},"8":{"name":"(anonymous_8)","decl":{"start":{"line":43,"column":30},"end":{"line":43,"column":31}},"loc":{"start":{"line":43,"column":60},"end":{"line":48,"column":1}},"line":43},"9":{"name":"(anonymous_9)","decl":{"start":{"line":55,"column":34},"end":{"line":55,"column":35}},"loc":{"start":{"line":55,"column":48},"end":{"line":58,"column":1}},"line":55},"10":{"name":"(anonymous_10)","decl":{"start":{"line":57,"column":28},"end":{"line":57,"column":29}},"loc":{"start":{"line":57,"column":38},"end":{"line":57,"column":73}},"line":57},"11":{"name":"(anonymous_11)","decl":{"start":{"line":66,"column":38},"end":{"line":66,"column":39}},"loc":{"start":{"line":66,"column":58},"end":{"line":75,"column":1}},"line":66},"12":{"name":"(anonymous_12)","decl":{"start":{"line":71,"column":25},"end":{"line":71,"column":26}},"loc":{"start":{"line":71,"column":36},"end":{"line":74,"column":3}},"line":71}},"branchMap":{"0":{"loc":{"start":{"line":7,"column":2},"end":{"line":7,"column":41}},"type":"if","locations":[{"start":{"line":7,"column":2},"end":{"line":7,"column":41}},{"start":{},"end":{}}],"line":7},"1":{"loc":{"start":{"line":8,"column":54},"end":{"line":8,"column":73}},"type":"binary-expr","locations":[{"start":{"line":8,"column":54},"end":{"line":8,"column":68}},{"start":{"line":8,"column":72},"end":{"line":8,"column":73}}],"line":8},"2":{"loc":{"start":{"line":18,"column":2},"end":{"line":18,"column":41}},"type":"if","locations":[{"start":{"line":18,"column":2},"end":{"line":18,"column":41}},{"start":{},"end":{}}],"line":18},"3":{"loc":{"start":{"line":21,"column":41},"end":{"line":21,"column":60}},"type":"binary-expr","locations":[{"start":{"line":21,"column":41},"end":{"line":21,"column":55}},{"start":{"line":21,"column":59},"end":{"line":21,"column":60}}],"line":21},"4":{"loc":{"start":{"line":31,"column":2},"end":{"line":31,"column":41}},"type":"if","locations":[{"start":{"line":31,"column":2},"end":{"line":31,"column":41}},{"start":{},"end":{}}],"line":31},"5":{"loc":{"start":{"line":33,"column":23},"end":{"line":33,"column":69}},"type":"binary-expr","locations":[{"start":{"line":33,"column":23},"end":{"line":33,"column":35}},{"start":{"line":33,"column":39},"end":{"line":33,"column":69}}],"line":33},"6":{"loc":{"start":{"line":34,"column":41},"end":{"line":34,"column":60}},"type":"binary-expr","locations":[{"start":{"line":34,"column":41},"end":{"line":34,"column":55}},{"start":{"line":34,"column":59},"end":{"line":34,"column":60}}],"line":34},"7":{"loc":{"start":{"line":43,"column":39},"end":{"line":43,"column":55}},"type":"default-arg","locations":[{"start":{"line":43,"column":50},"end":{"line":43,"column":55}}],"line":43},"8":{"loc":{"start":{"line":47,"column":12},"end":{"line":47,"column":23}},"type":"binary-expr","locations":[{"start":{"line":47,"column":12},"end":{"line":47,"column":18}},{"start":{"line":47,"column":22},"end":{"line":47,"column":23}}],"line":47},"9":{"loc":{"start":{"line":56,"column":2},"end":{"line":56,"column":42}},"type":"if","locations":[{"start":{"line":56,"column":2},"end":{"line":56,"column":42}},{"start":{},"end":{}}],"line":56},"10":{"loc":{"start":{"line":67,"column":2},"end":{"line":67,"column":42}},"type":"if","locations":[{"start":{"line":67,"column":2},"end":{"line":67,"column":42}},{"start":{},"end":{}}],"line":67}},"s":{"0":1,"1":5,"2":2,"3":3,"4":8,"5":1,"6":4,"7":1,"8":3,"9":12,"10":3,"11":1,"12":5,"13":1,"14":4,"15":14,"16":4,"17":1,"18":6,"19":1,"20":4,"21":2,"22":2,"23":18,"24":1,"25":4,"26":2,"27":2,"28":2,"29":2,"30":6,"31":6},"f":{"0":5,"1":8,"2":4,"3":12,"4":3,"5":5,"6":14,"7":4,"8":6,"9":4,"10":18,"11":4,"12":6},"b":{"0":[2,3],"1":[8,3],"2":[1,3],"3":[3,1],"4":[1,4],"5":[14,13],"6":[4,1],"7":[5],"8":[6,3],"9":[2,2],"10":[2,2]},"_coverageSchema":"1a1c01bbd47fc00a2c39e90264f33305004495a9","hash":"e21438fe2a877c2ca25bae8adc8874e6755791be"}
}
