TN:
SF:src/App.js
FN:16,App
FNF:1
FNH:0
FNDA:0,App
DA:17,0
LF:1
LH:0
BRF:0
BRH:0
end_of_record
TN:
SF:src/firebase.js
FN:28,(anonymous_0)
FNF:1
FNH:0
FNDA:0,(anonymous_0)
DA:8,0
DA:18,0
DA:21,0
DA:24,0
DA:28,0
DA:29,0
DA:30,0
DA:31,0
DA:33,0
LF:9
LH:0
BRF:0
BRH:0
end_of_record
TN:
SF:src/index.js
FNF:0
FNH:0
DA:7,0
DA:8,0
DA:17,0
LF:3
LH:0
BRF:0
BRH:0
end_of_record
TN:
SF:src/reportWebVitals.js
FN:1,(anonymous_0)
FN:3,(anonymous_1)
FNF:2
FNH:0
FNDA:0,(anonymous_0)
FNDA:0,(anonymous_1)
DA:1,0
DA:2,0
DA:3,0
DA:4,0
DA:5,0
DA:6,0
DA:7,0
DA:8,0
LF:8
LH:0
BRDA:2,0,0,0
BRDA:2,0,1,0
BRDA:2,1,0,0
BRDA:2,1,1,0
BRF:4
BRH:0
end_of_record
TN:
SF:src/components/Auth/Login.jsx
FN:9,Login
FN:17,handleSubmit
FN:66,(anonymous_2)
FN:101,(anonymous_3)
FN:116,(anonymous_4)
FNF:5
FNH:5
FNDA:47,Login
FNDA:7,handleSubmit
FNDA:1,(anonymous_2)
FNDA:8,(anonymous_3)
FNDA:8,(anonymous_4)
DA:10,47
DA:11,47
DA:12,47
DA:13,47
DA:14,47
DA:15,47
DA:18,7
DA:20,7
DA:21,7
DA:22,7
DA:25,7
DA:26,2
DA:29,4
DA:32,4
DA:34,1
DA:35,1
DA:37,1
DA:38,1
DA:40,1
DA:41,1
DA:43,1
DA:46,6
DA:49,47
DA:66,1
DA:101,8
DA:116,8
LF:26
LH:26
BRDA:32,0,0,1
BRDA:32,0,1,1
BRDA:32,0,2,1
BRDA:32,0,3,1
BRDA:81,1,0,47
BRDA:81,1,1,4
BRDA:130,2,0,7
BRDA:130,2,1,40
BRF:8
BRH:8
end_of_record
TN:
SF:src/components/Auth/Signup.jsx
FN:10,Signup
FN:22,validatePassword
FN:27,handleSubmit
FN:72,(anonymous_3)
FN:107,(anonymous_4)
FN:122,(anonymous_5)
FN:128,(anonymous_6)
FN:128,(anonymous_7)
FN:133,(anonymous_8)
FN:133,(anonymous_9)
FN:148,(anonymous_10)
FN:154,(anonymous_11)
FN:154,(anonymous_12)
FN:159,(anonymous_13)
FN:159,(anonymous_14)
FNF:15
FNH:0
FNDA:0,Signup
FNDA:0,validatePassword
FNDA:0,handleSubmit
FNDA:0,(anonymous_3)
FNDA:0,(anonymous_4)
FNDA:0,(anonymous_5)
FNDA:0,(anonymous_6)
FNDA:0,(anonymous_7)
FNDA:0,(anonymous_8)
FNDA:0,(anonymous_9)
FNDA:0,(anonymous_10)
FNDA:0,(anonymous_11)
FNDA:0,(anonymous_12)
FNDA:0,(anonymous_13)
FNDA:0,(anonymous_14)
DA:11,0
DA:12,0
DA:13,0
DA:14,0
DA:15,0
DA:16,0
DA:17,0
DA:18,0
DA:19,0
DA:20,0
DA:24,0
DA:28,0
DA:29,0
DA:30,0
DA:32,0
DA:33,0
DA:34,0
DA:36,0
DA:37,0
DA:38,0
DA:40,0
DA:41,0
DA:42,0
DA:44,0
DA:48,0
DA:50,0
DA:52,0
DA:55,0
DA:72,0
DA:107,0
DA:122,0
DA:128,0
DA:133,0
DA:148,0
DA:154,0
DA:159,0
LF:36
LH:0
BRDA:32,0,0,0
BRDA:32,0,1,0
BRDA:36,1,0,0
BRDA:36,1,1,0
BRDA:87,2,0,0
BRDA:87,2,1,0
BRDA:119,3,0,0
BRDA:119,3,1,0
BRDA:131,4,0,0
BRDA:131,4,1,0
BRDA:133,5,0,0
BRDA:133,5,1,0
BRDA:133,6,0,0
BRDA:133,6,1,0
BRDA:135,7,0,0
BRDA:135,7,1,0
BRDA:145,8,0,0
BRDA:145,8,1,0
BRDA:157,9,0,0
BRDA:157,9,1,0
BRDA:159,10,0,0
BRDA:159,10,1,0
BRDA:159,11,0,0
BRDA:159,11,1,0
BRDA:161,12,0,0
BRDA:161,12,1,0
BRDA:166,13,0,0
BRDA:166,13,1,0
BRDA:179,14,0,0
BRDA:179,14,1,0
BRF:30
BRH:0
end_of_record
TN:
SF:src/components/Charts/BarChart.jsx
FN:14,BarChart
FNF:1
FNH:0
FNDA:0,BarChart
DA:5,0
DA:15,0
DA:45,0
LF:3
LH:0
BRF:0
BRH:0
end_of_record
TN:
SF:src/components/Charts/LineChart.jsx
FN:15,LineChart
FNF:1
FNH:0
FNDA:0,LineChart
DA:5,0
DA:16,0
DA:46,0
LF:3
LH:0
BRF:0
BRH:0
end_of_record
TN:
SF:src/components/Charts/PieChart.jsx
FN:7,PieChart
FNF:1
FNH:0
FNDA:0,PieChart
DA:5,0
DA:8,0
DA:23,0
LF:3
LH:0
BRF:0
BRH:0
end_of_record
TN:
SF:src/components/Charts/index.js
FNF:0
FNH:0
LF:0
LH:0
BRF:0
BRH:0
end_of_record
TN:
SF:src/components/Dashboard/Categories.jsx
FN:12,Categories
FN:25,(anonymous_1)
FN:32,(anonymous_2)
FN:34,(anonymous_3)
FN:39,(anonymous_4)
FN:59,(anonymous_5)
FN:61,(anonymous_6)
FN:67,(anonymous_7)
FN:75,(anonymous_8)
FN:76,(anonymous_9)
FN:83,(anonymous_10)
FN:88,(anonymous_11)
FN:95,(anonymous_12)
FN:101,(anonymous_13)
FN:120,(anonymous_14)
FN:149,(anonymous_15)
FN:153,(anonymous_16)
FN:187,(anonymous_17)
FN:191,(anonymous_18)
FN:195,(anonymous_19)
FN:200,(anonymous_20)
FN:219,(anonymous_21)
FN:228,(anonymous_22)
FN:237,(anonymous_23)
FN:259,(anonymous_24)
FN:294,(anonymous_25)
FN:297,(anonymous_26)
FN:314,(anonymous_27)
FN:322,(anonymous_28)
FN:329,(anonymous_29)
FN:358,(anonymous_30)
FN:383,(anonymous_31)
FN:408,(anonymous_32)
FN:412,(anonymous_33)
FN:426,(anonymous_34)
FN:434,(anonymous_35)
FNF:36
FNH:0
FNDA:0,Categories
FNDA:0,(anonymous_1)
FNDA:0,(anonymous_2)
FNDA:0,(anonymous_3)
FNDA:0,(anonymous_4)
FNDA:0,(anonymous_5)
FNDA:0,(anonymous_6)
FNDA:0,(anonymous_7)
FNDA:0,(anonymous_8)
FNDA:0,(anonymous_9)
FNDA:0,(anonymous_10)
FNDA:0,(anonymous_11)
FNDA:0,(anonymous_12)
FNDA:0,(anonymous_13)
FNDA:0,(anonymous_14)
FNDA:0,(anonymous_15)
FNDA:0,(anonymous_16)
FNDA:0,(anonymous_17)
FNDA:0,(anonymous_18)
FNDA:0,(anonymous_19)
FNDA:0,(anonymous_20)
FNDA:0,(anonymous_21)
FNDA:0,(anonymous_22)
FNDA:0,(anonymous_23)
FNDA:0,(anonymous_24)
FNDA:0,(anonymous_25)
FNDA:0,(anonymous_26)
FNDA:0,(anonymous_27)
FNDA:0,(anonymous_28)
FNDA:0,(anonymous_29)
FNDA:0,(anonymous_30)
FNDA:0,(anonymous_31)
FNDA:0,(anonymous_32)
FNDA:0,(anonymous_33)
FNDA:0,(anonymous_34)
FNDA:0,(anonymous_35)
DA:13,0
DA:14,0
DA:15,0
DA:16,0
DA:17,0
DA:18,0
DA:19,0
DA:20,0
DA:21,0
DA:22,0
DA:23,0
DA:25,0
DA:26,0
DA:28,0
DA:32,0
DA:33,0
DA:34,0
DA:35,0
DA:39,0
DA:41,0
DA:42,0
DA:45,0
DA:46,0
DA:48,0
DA:51,0
DA:55,0
DA:59,0
DA:60,0
DA:61,0
DA:62,0
DA:64,0
DA:67,0
DA:68,0
DA:69,0
DA:75,0
DA:76,0
DA:77,0
DA:78,0
DA:82,0
DA:83,0
DA:84,0
DA:88,0
DA:89,0
DA:90,0
DA:92,0
DA:95,0
DA:96,0
DA:97,0
DA:98,0
DA:101,0
DA:102,0
DA:103,0
DA:104,0
DA:105,0
DA:110,0
DA:111,0
DA:117,0
DA:120,0
DA:121,0
DA:122,0
DA:124,0
DA:125,0
DA:130,0
DA:131,0
DA:133,0
DA:139,0
DA:140,0
DA:145,0
DA:149,0
DA:150,0
DA:153,0
DA:154,0
DA:155,0
DA:156,0
DA:157,0
DA:158,0
DA:159,0
DA:160,0
DA:161,0
DA:162,0
DA:166,0
DA:168,0
DA:170,0
DA:175,0
DA:185,0
DA:187,0
DA:191,0
DA:192,0
DA:195,0
DA:196,0
DA:200,0
DA:201,0
DA:202,0
DA:206,0
DA:218,0
DA:219,0
DA:221,0
DA:228,0
DA:238,0
DA:239,0
DA:259,0
DA:295,0
DA:296,0
DA:297,0
DA:299,0
DA:314,0
DA:322,0
DA:329,0
DA:358,0
DA:383,0
DA:408,0
DA:412,0
DA:426,0
DA:434,0
LF:114
LH:0
BRDA:26,0,0,0
BRDA:26,0,1,0
BRDA:41,1,0,0
BRDA:41,1,1,0
BRDA:41,2,0,0
BRDA:41,2,1,0
BRDA:45,3,0,0
BRDA:45,3,1,0
BRDA:45,4,0,0
BRDA:45,4,1,0
BRDA:77,5,0,0
BRDA:77,5,1,0
BRDA:77,6,0,0
BRDA:77,6,1,0
BRDA:102,7,0,0
BRDA:102,7,1,0
BRDA:150,8,0,0
BRDA:150,8,1,0
BRDA:155,9,0,0
BRDA:155,9,1,0
BRDA:156,10,0,0
BRDA:156,10,1,0
BRDA:201,11,0,0
BRDA:201,11,1,0
BRDA:224,12,0,0
BRDA:224,12,1,0
BRDA:292,13,0,0
BRDA:292,13,1,0
BRDA:295,14,0,0
BRDA:295,14,1,0
BRDA:296,15,0,0
BRDA:296,15,1,0
BRDA:310,16,0,0
BRDA:310,16,1,0
BRDA:319,17,0,0
BRDA:319,17,1,0
BRDA:401,18,0,0
BRDA:401,18,1,0
BRDA:444,19,0,0
BRDA:444,19,1,0
BRF:40
BRH:0
end_of_record
TN:
SF:src/components/Dashboard/DashboardOverview.jsx
FN:10,DashboardOverview
FN:22,(anonymous_1)
FN:31,(anonymous_2)
FN:33,(anonymous_3)
FN:38,(anonymous_4)
FN:54,(anonymous_5)
FN:56,(anonymous_6)
FN:62,(anonymous_7)
FN:70,(anonymous_8)
FN:72,(anonymous_9)
FN:78,(anonymous_10)
FN:81,(anonymous_11)
FN:87,(anonymous_12)
FN:103,(anonymous_13)
FN:107,(anonymous_14)
FN:111,(anonymous_15)
FN:116,(anonymous_16)
FN:228,(anonymous_17)
FNF:18
FNH:0
FNDA:0,DashboardOverview
FNDA:0,(anonymous_1)
FNDA:0,(anonymous_2)
FNDA:0,(anonymous_3)
FNDA:0,(anonymous_4)
FNDA:0,(anonymous_5)
FNDA:0,(anonymous_6)
FNDA:0,(anonymous_7)
FNDA:0,(anonymous_8)
FNDA:0,(anonymous_9)
FNDA:0,(anonymous_10)
FNDA:0,(anonymous_11)
FNDA:0,(anonymous_12)
FNDA:0,(anonymous_13)
FNDA:0,(anonymous_14)
FNDA:0,(anonymous_15)
FNDA:0,(anonymous_16)
FNDA:0,(anonymous_17)
DA:11,0
DA:12,0
DA:13,0
DA:14,0
DA:15,0
DA:17,0
DA:18,0
DA:19,0
DA:22,0
DA:23,0
DA:24,0
DA:26,0
DA:31,0
DA:32,0
DA:33,0
DA:34,0
DA:38,0
DA:39,0
DA:40,0
DA:42,0
DA:45,0
DA:46,0
DA:50,0
DA:54,0
DA:55,0
DA:56,0
DA:57,0
DA:59,0
DA:62,0
DA:63,0
DA:64,0
DA:70,0
DA:71,0
DA:73,0
DA:74,0
DA:75,0
DA:78,0
DA:80,0
DA:81,0
DA:82,0
DA:83,0
DA:86,0
DA:87,0
DA:91,0
DA:101,0
DA:103,0
DA:107,0
DA:108,0
DA:111,0
DA:112,0
DA:116,0
DA:117,0
DA:118,0
DA:122,0
DA:134,0
DA:136,0
DA:229,0
LF:57
LH:0
BRDA:18,0,0,0
BRDA:18,0,1,0
BRDA:23,1,0,0
BRDA:23,1,1,0
BRDA:39,2,0,0
BRDA:39,2,1,0
BRDA:39,3,0,0
BRDA:39,3,1,0
BRDA:75,4,0,0
BRDA:75,4,1,0
BRDA:80,5,0,0
BRDA:80,5,1,0
BRDA:82,6,0,0
BRDA:82,6,1,0
BRDA:86,7,0,0
BRDA:86,7,1,0
BRDA:117,8,0,0
BRDA:117,8,1,0
BRDA:227,9,0,0
BRDA:227,9,1,0
BRF:20
BRH:0
end_of_record
TN:
SF:src/components/Dashboard/Expenses.jsx
FN:11,Expenses
FN:33,(anonymous_1)
FN:41,(anonymous_2)
FN:43,(anonymous_3)
FN:48,(anonymous_4)
FN:68,(anonymous_5)
FN:70,(anonymous_6)
FN:76,(anonymous_7)
FN:83,(anonymous_8)
FN:95,(anonymous_9)
FN:163,(anonymous_10)
FN:164,(anonymous_11)
FN:182,(anonymous_12)
FN:193,(anonymous_13)
FN:231,(anonymous_14)
FN:243,(anonymous_15)
FN:252,(anonymous_16)
FN:261,(anonymous_17)
FN:301,(anonymous_18)
FN:323,(anonymous_19)
FN:330,(anonymous_20)
FN:347,(anonymous_21)
FN:372,(anonymous_22)
FN:385,(anonymous_23)
FN:395,(anonymous_24)
FN:407,(anonymous_25)
FN:420,(anonymous_26)
FN:445,(anonymous_27)
FN:449,(anonymous_28)
FN:463,(anonymous_29)
FN:476,(anonymous_30)
FN:486,(anonymous_31)
FN:498,(anonymous_32)
FN:511,(anonymous_33)
FN:519,(anonymous_34)
FNF:35
FNH:0
FNDA:0,Expenses
FNDA:0,(anonymous_1)
FNDA:0,(anonymous_2)
FNDA:0,(anonymous_3)
FNDA:0,(anonymous_4)
FNDA:0,(anonymous_5)
FNDA:0,(anonymous_6)
FNDA:0,(anonymous_7)
FNDA:0,(anonymous_8)
FNDA:0,(anonymous_9)
FNDA:0,(anonymous_10)
FNDA:0,(anonymous_11)
FNDA:0,(anonymous_12)
FNDA:0,(anonymous_13)
FNDA:0,(anonymous_14)
FNDA:0,(anonymous_15)
FNDA:0,(anonymous_16)
FNDA:0,(anonymous_17)
FNDA:0,(anonymous_18)
FNDA:0,(anonymous_19)
FNDA:0,(anonymous_20)
FNDA:0,(anonymous_21)
FNDA:0,(anonymous_22)
FNDA:0,(anonymous_23)
FNDA:0,(anonymous_24)
FNDA:0,(anonymous_25)
FNDA:0,(anonymous_26)
FNDA:0,(anonymous_27)
FNDA:0,(anonymous_28)
FNDA:0,(anonymous_29)
FNDA:0,(anonymous_30)
FNDA:0,(anonymous_31)
FNDA:0,(anonymous_32)
FNDA:0,(anonymous_33)
FNDA:0,(anonymous_34)
DA:12,0
DA:13,0
DA:14,0
DA:20,0
DA:21,0
DA:22,0
DA:23,0
DA:24,0
DA:31,0
DA:33,0
DA:34,0
DA:36,0
DA:41,0
DA:42,0
DA:43,0
DA:44,0
DA:48,0
DA:50,0
DA:51,0
DA:54,0
DA:55,0
DA:57,0
DA:60,0
DA:64,0
DA:68,0
DA:69,0
DA:70,0
DA:71,0
DA:73,0
DA:76,0
DA:77,0
DA:78,0
DA:83,0
DA:84,0
DA:85,0
DA:87,0
DA:95,0
DA:96,0
DA:97,0
DA:100,0
DA:101,0
DA:102,0
DA:106,0
DA:110,0
DA:111,0
DA:112,0
DA:116,0
DA:120,0
DA:123,0
DA:126,0
DA:133,0
DA:135,0
DA:136,0
DA:138,0
DA:144,0
DA:146,0
DA:152,0
DA:154,0
DA:159,0
DA:163,0
DA:164,0
DA:165,0
DA:166,0
DA:167,0
DA:168,0
DA:173,0
DA:174,0
DA:182,0
DA:183,0
DA:190,0
DA:193,0
DA:194,0
DA:195,0
DA:197,0
DA:198,0
DA:206,0
DA:207,0
DA:215,0
DA:221,0
DA:222,0
DA:227,0
DA:231,0
DA:232,0
DA:240,0
DA:243,0
DA:245,0
DA:252,0
DA:262,0
DA:263,0
DA:302,0
DA:323,0
DA:330,0
DA:347,0
DA:372,0
DA:385,0
DA:395,0
DA:408,0
DA:420,0
DA:445,0
DA:449,0
DA:463,0
DA:476,0
DA:486,0
DA:499,0
DA:511,0
DA:519,0
LF:106
LH:0
BRDA:34,0,0,0
BRDA:34,0,1,0
BRDA:50,1,0,0
BRDA:50,1,1,0
BRDA:50,2,0,0
BRDA:50,2,1,0
BRDA:54,3,0,0
BRDA:54,3,1,0
BRDA:54,4,0,0
BRDA:54,4,1,0
BRDA:100,5,0,0
BRDA:100,5,1,0
BRDA:110,6,0,0
BRDA:110,6,1,0
BRDA:165,7,0,0
BRDA:165,7,1,0
BRDA:240,8,0,0
BRDA:240,8,1,0
BRDA:248,9,0,0
BRDA:248,9,1,0
BRDA:283,10,0,0
BRDA:283,10,1,0
BRDA:289,11,0,0
BRDA:289,11,1,0
BRDA:438,12,0,0
BRDA:438,12,1,0
BRDA:529,13,0,0
BRDA:529,13,1,0
BRF:28
BRH:0
end_of_record
TN:
SF:src/components/Dashboard/Reports.jsx
FN:12,Reports
FN:24,(anonymous_1)
FN:31,(anonymous_2)
FN:33,(anonymous_3)
FN:39,(anonymous_4)
FN:43,(anonymous_5)
FN:47,(anonymous_6)
FN:53,(anonymous_7)
FN:59,(anonymous_8)
FN:68,(anonymous_9)
FN:77,(anonymous_10)
FN:86,(anonymous_11)
FN:92,(anonymous_12)
FN:104,(anonymous_13)
FN:114,(anonymous_14)
FN:117,(anonymous_15)
FN:137,(anonymous_16)
FN:140,(anonymous_17)
FN:149,(anonymous_18)
FN:157,(anonymous_19)
FN:165,(anonymous_20)
FN:169,(anonymous_21)
FN:188,(anonymous_22)
FN:249,(anonymous_23)
FN:270,(anonymous_24)
FN:298,(anonymous_25)
FN:307,(anonymous_26)
FN:351,(anonymous_27)
FN:356,(anonymous_28)
FN:368,(anonymous_29)
FN:400,(anonymous_30)
FN:428,(anonymous_31)
FN:434,(anonymous_32)
FN:440,(anonymous_33)
FN:446,(anonymous_34)
FN:452,(anonymous_35)
FN:458,(anonymous_36)
FN:464,(anonymous_37)
FN:478,(anonymous_38)
FN:486,(anonymous_39)
FN:515,(anonymous_40)
FN:617,(anonymous_41)
FN:657,(anonymous_42)
FNF:43
FNH:0
FNDA:0,Reports
FNDA:0,(anonymous_1)
FNDA:0,(anonymous_2)
FNDA:0,(anonymous_3)
FNDA:0,(anonymous_4)
FNDA:0,(anonymous_5)
FNDA:0,(anonymous_6)
FNDA:0,(anonymous_7)
FNDA:0,(anonymous_8)
FNDA:0,(anonymous_9)
FNDA:0,(anonymous_10)
FNDA:0,(anonymous_11)
FNDA:0,(anonymous_12)
FNDA:0,(anonymous_13)
FNDA:0,(anonymous_14)
FNDA:0,(anonymous_15)
FNDA:0,(anonymous_16)
FNDA:0,(anonymous_17)
FNDA:0,(anonymous_18)
FNDA:0,(anonymous_19)
FNDA:0,(anonymous_20)
FNDA:0,(anonymous_21)
FNDA:0,(anonymous_22)
FNDA:0,(anonymous_23)
FNDA:0,(anonymous_24)
FNDA:0,(anonymous_25)
FNDA:0,(anonymous_26)
FNDA:0,(anonymous_27)
FNDA:0,(anonymous_28)
FNDA:0,(anonymous_29)
FNDA:0,(anonymous_30)
FNDA:0,(anonymous_31)
FNDA:0,(anonymous_32)
FNDA:0,(anonymous_33)
FNDA:0,(anonymous_34)
FNDA:0,(anonymous_35)
FNDA:0,(anonymous_36)
FNDA:0,(anonymous_37)
FNDA:0,(anonymous_38)
FNDA:0,(anonymous_39)
FNDA:0,(anonymous_40)
FNDA:0,(anonymous_41)
FNDA:0,(anonymous_42)
DA:13,0
DA:14,0
DA:15,0
DA:16,0
DA:20,0
DA:21,0
DA:22,0
DA:24,0
DA:25,0
DA:26,0
DA:31,0
DA:32,0
DA:33,0
DA:34,0
DA:36,0
DA:39,0
DA:43,0
DA:44,0
DA:47,0
DA:48,0
DA:50,0
DA:52,0
DA:53,0
DA:54,0
DA:56,0
DA:57,0
DA:58,0
DA:59,0
DA:60,0
DA:61,0
DA:63,0
DA:65,0
DA:66,0
DA:67,0
DA:68,0
DA:69,0
DA:70,0
DA:72,0
DA:74,0
DA:75,0
DA:76,0
DA:77,0
DA:78,0
DA:79,0
DA:81,0
DA:83,0
DA:84,0
DA:85,0
DA:86,0
DA:87,0
DA:88,0
DA:90,0
DA:92,0
DA:93,0
DA:94,0
DA:95,0
DA:96,0
DA:98,0
DA:100,0
DA:104,0
DA:105,0
DA:106,0
DA:108,0
DA:111,0
DA:114,0
DA:115,0
DA:117,0
DA:118,0
DA:119,0
DA:121,0
DA:125,0
DA:137,0
DA:138,0
DA:140,0
DA:141,0
DA:142,0
DA:143,0
DA:145,0
DA:149,0
DA:150,0
DA:153,0
DA:157,0
DA:165,0
DA:166,0
DA:167,0
DA:169,0
DA:177,0
DA:178,0
DA:179,0
DA:180,0
DA:181,0
DA:182,0
DA:183,0
DA:184,0
DA:185,0
DA:188,0
DA:189,0
DA:190,0
DA:191,0
DA:192,0
DA:193,0
DA:194,0
DA:195,0
DA:197,0
DA:200,0
DA:201,0
DA:204,0
DA:205,0
DA:206,0
DA:207,0
DA:209,0
DA:210,0
DA:211,0
DA:213,0
DA:216,0
DA:217,0
DA:218,0
DA:219,0
DA:221,0
DA:223,0
DA:224,0
DA:225,0
DA:226,0
DA:227,0
DA:228,0
DA:229,0
DA:230,0
DA:231,0
DA:233,0
DA:236,0
DA:237,0
DA:238,0
DA:240,0
DA:242,0
DA:249,0
DA:250,0
DA:251,0
DA:253,0
DA:254,0
DA:255,0
DA:256,0
DA:257,0
DA:260,0
DA:263,0
DA:264,0
DA:265,0
DA:266,0
DA:268,0
DA:270,0
DA:271,0
DA:272,0
DA:274,0
DA:275,0
DA:276,0
DA:277,0
DA:280,0
DA:284,0
DA:285,0
DA:286,0
DA:287,0
DA:289,0
DA:292,0
DA:293,0
DA:294,0
DA:296,0
DA:297,0
DA:298,0
DA:299,0
DA:300,0
DA:303,0
DA:306,0
DA:307,0
DA:309,0
DA:310,0
DA:311,0
DA:314,0
DA:315,0
DA:316,0
DA:318,0
DA:319,0
DA:322,0
DA:323,0
DA:324,0
DA:326,0
DA:328,0
DA:333,0
DA:334,0
DA:335,0
DA:336,0
DA:337,0
DA:338,0
DA:339,0
DA:342,0
DA:343,0
DA:345,0
DA:347,0
DA:351,0
DA:352,0
DA:353,0
DA:354,0
DA:356,0
DA:357,0
DA:358,0
DA:359,0
DA:360,0
DA:361,0
DA:362,0
DA:363,0
DA:364,0
DA:368,0
DA:369,0
DA:371,0
DA:372,0
DA:373,0
DA:374,0
DA:376,0
DA:377,0
DA:380,0
DA:381,0
DA:384,0
DA:385,0
DA:388,0
DA:391,0
DA:400,0
DA:428,0
DA:434,0
DA:440,0
DA:446,0
DA:452,0
DA:458,0
DA:464,0
DA:478,0
DA:486,0
DA:516,0
DA:618,0
DA:657,0
DA:658,0
DA:666,0
LF:238
LH:0
BRDA:25,0,0,0
BRDA:25,0,1,0
BRDA:50,1,0,0
BRDA:50,1,1,0
BRDA:50,1,2,0
BRDA:50,1,3,0
BRDA:50,1,4,0
BRDA:50,1,5,0
BRDA:50,1,6,0
BRDA:61,2,0,0
BRDA:61,2,1,0
BRDA:70,3,0,0
BRDA:70,3,1,0
BRDA:79,4,0,0
BRDA:79,4,1,0
BRDA:88,5,0,0
BRDA:88,5,1,0
BRDA:96,6,0,0
BRDA:96,6,1,0
BRDA:105,7,0,0
BRDA:105,7,1,0
BRDA:105,8,0,0
BRDA:105,8,1,0
BRDA:118,9,0,0
BRDA:118,9,1,0
BRDA:142,10,0,0
BRDA:142,10,1,0
BRDA:246,11,0,0
BRDA:246,11,1,0
BRDA:263,12,0,0
BRDA:263,12,1,0
BRDA:272,13,0,0
BRDA:272,13,1,0
BRDA:284,14,0,0
BRDA:284,14,1,0
BRDA:309,15,0,0
BRDA:309,15,1,0
BRDA:322,16,0,0
BRDA:322,16,1,0
BRDA:352,17,0,0
BRDA:352,17,1,0
BRDA:357,18,0,0
BRDA:357,18,1,0
BRDA:357,18,2,0
BRDA:357,18,3,0
BRDA:357,18,4,0
BRDA:357,18,5,0
BRDA:357,18,6,0
BRDA:369,19,0,0
BRDA:369,19,1,0
BRDA:374,20,0,0
BRDA:374,20,1,0
BRDA:376,21,0,0
BRDA:376,21,1,0
BRDA:380,22,0,0
BRDA:380,22,1,0
BRDA:384,23,0,0
BRDA:384,23,1,0
BRDA:406,24,0,0
BRDA:406,24,1,0
BRDA:409,25,0,0
BRDA:409,25,1,0
BRDA:410,26,0,0
BRDA:410,26,1,0
BRDA:427,27,0,0
BRDA:427,27,1,0
BRDA:433,28,0,0
BRDA:433,28,1,0
BRDA:439,29,0,0
BRDA:439,29,1,0
BRDA:445,30,0,0
BRDA:445,30,1,0
BRDA:451,31,0,0
BRDA:451,31,1,0
BRDA:457,32,0,0
BRDA:457,32,1,0
BRDA:463,33,0,0
BRDA:463,33,1,0
BRDA:470,34,0,0
BRDA:470,34,1,0
BRDA:511,35,0,0
BRDA:511,35,1,0
BRDA:567,36,0,0
BRDA:567,36,1,0
BRDA:605,37,0,0
BRDA:605,37,1,0
BRDA:666,38,0,0
BRDA:666,38,1,0
BRF:88
BRH:0
end_of_record
TN:
SF:src/components/Layout/Navbar.jsx
FN:5,Navbar
FN:9,(anonymous_1)
FN:18,(anonymous_2)
FN:27,(anonymous_3)
FN:38,(anonymous_4)
FN:38,(anonymous_5)
FNF:6
FNH:0
FNDA:0,Navbar
FNDA:0,(anonymous_1)
FNDA:0,(anonymous_2)
FNDA:0,(anonymous_3)
FNDA:0,(anonymous_4)
FNDA:0,(anonymous_5)
DA:6,0
DA:7,0
DA:9,0
DA:10,0
DA:11,0
DA:12,0
DA:13,0
DA:14,0
DA:15,0
DA:18,0
DA:19,0
DA:20,0
DA:21,0
DA:22,0
DA:23,0
DA:24,0
DA:27,0
DA:28,0
DA:29,0
DA:33,0
DA:38,0
LF:21
LH:0
BRDA:11,0,0,0
BRDA:11,0,1,0
BRDA:12,1,0,0
BRDA:12,1,1,0
BRDA:13,2,0,0
BRDA:13,2,1,0
BRDA:14,3,0,0
BRDA:14,3,1,0
BRDA:20,4,0,0
BRDA:20,4,1,0
BRDA:21,5,0,0
BRDA:21,5,1,0
BRDA:22,6,0,0
BRDA:22,6,1,0
BRDA:23,7,0,0
BRDA:23,7,1,0
BRDA:28,8,0,0
BRDA:28,8,1,0
BRDA:52,9,0,0
BRDA:52,9,1,0
BRF:20
BRH:0
end_of_record
TN:
SF:src/components/Layout/Sidebar.jsx
FN:6,(anonymous_0)
FN:31,(anonymous_1)
FN:39,(anonymous_2)
FN:52,(anonymous_3)
FN:57,(anonymous_4)
FN:58,(anonymous_5)
FN:63,(anonymous_6)
FNF:7
FNH:0
FNDA:0,(anonymous_0)
FNDA:0,(anonymous_1)
FNDA:0,(anonymous_2)
FNDA:0,(anonymous_3)
FNDA:0,(anonymous_4)
FNDA:0,(anonymous_5)
FNDA:0,(anonymous_6)
DA:6,0
DA:7,0
DA:9,0
DA:16,0
DA:31,0
DA:40,0
DA:41,0
DA:53,0
DA:57,0
DA:60,0
DA:62,0
DA:63,0
DA:96,0
LF:13
LH:0
BRDA:19,0,0,0
BRDA:19,0,1,0
BRDA:19,1,0,0
BRDA:19,1,1,0
BRDA:19,2,0,0
BRDA:19,2,1,0
BRDA:28,3,0,0
BRDA:28,3,1,0
BRDA:44,4,0,0
BRDA:44,4,1,0
BRDA:46,5,0,0
BRDA:46,5,1,0
BRDA:57,6,0,0
BRDA:57,6,1,0
BRDA:62,7,0,0
BRDA:62,7,1,0
BRDA:74,8,0,0
BRDA:74,8,1,0
BRF:18
BRH:0
end_of_record
TN:
SF:src/components/UI/Modal.jsx
FN:5,Modal
FN:6,(anonymous_1)
FN:7,handleKeyDown
FN:18,(anonymous_3)
FN:28,(anonymous_4)
FNF:5
FNH:5
FNDA:14,Modal
FNDA:14,(anonymous_1)
FNDA:4,handleKeyDown
FNDA:14,(anonymous_3)
FNDA:1,(anonymous_4)
DA:6,14
DA:8,4
DA:9,1
DA:13,14
DA:14,11
DA:15,11
DA:18,14
DA:19,14
DA:20,14
DA:24,14
DA:26,11
DA:28,1
LF:12
LH:12
BRDA:8,0,0,1
BRDA:8,0,1,3
BRDA:13,1,0,11
BRDA:13,1,1,3
BRDA:24,2,0,3
BRDA:24,2,1,11
BRF:6
BRH:6
end_of_record
TN:
SF:src/components/UI/Toast.jsx
FN:4,Toast
FN:7,(anonymous_1)
FN:8,(anonymous_2)
FN:10,(anonymous_3)
FN:15,(anonymous_4)
FN:18,(anonymous_5)
FN:31,(anonymous_6)
FNF:7
FNH:0
FNDA:0,Toast
FNDA:0,(anonymous_1)
FNDA:0,(anonymous_2)
FNDA:0,(anonymous_3)
FNDA:0,(anonymous_4)
FNDA:0,(anonymous_5)
FNDA:0,(anonymous_6)
DA:5,0
DA:7,0
DA:8,0
DA:9,0
DA:10,0
DA:11,0
DA:15,0
DA:18,0
DA:19,0
DA:20,0
DA:21,0
DA:22,0
DA:23,0
DA:27,0
DA:31,0
LF:15
LH:0
BRDA:4,0,0,0
BRDA:4,1,0,0
BRDA:19,2,0,0
BRDA:19,2,1,0
BRDA:19,2,2,0
BRDA:19,2,3,0
BRDA:28,3,0,0
BRDA:28,3,1,0
BRF:8
BRH:0
end_of_record
TN:
SF:src/context/AuthContext.js
FN:12,AuthProvider
FN:16,signup
FN:20,login
FN:24,logout
FN:28,(anonymous_4)
FN:29,(anonymous_5)
FN:50,useAuth
FNF:7
FNH:0
FNDA:0,AuthProvider
FNDA:0,signup
FNDA:0,login
FNDA:0,logout
FNDA:0,(anonymous_4)
FNDA:0,(anonymous_5)
FNDA:0,useAuth
DA:10,0
DA:13,0
DA:14,0
DA:17,0
DA:21,0
DA:25,0
DA:28,0
DA:29,0
DA:30,0
DA:31,0
DA:33,0
DA:36,0
DA:43,0
DA:51,0
LF:14
LH:0
BRDA:45,0,0,0
BRDA:45,0,1,0
BRF:2
BRH:0
end_of_record
TN:
SF:src/pages/Dashboard.jsx
FN:7,Dashboard
FN:17,(anonymous_1)
FN:20,(anonymous_2)
FN:21,(anonymous_3)
FN:35,(anonymous_4)
FN:40,(anonymous_5)
FN:48,(anonymous_6)
FN:56,(anonymous_7)
FN:61,(anonymous_8)
FN:68,(anonymous_9)
FN:73,(anonymous_10)
FN:101,(anonymous_11)
FN:125,(anonymous_12)
FN:129,(anonymous_13)
FN:134,(anonymous_14)
FN:141,(anonymous_15)
FN:151,(anonymous_16)
FN:154,(anonymous_17)
FN:161,(anonymous_18)
FN:166,(anonymous_19)
FN:172,(anonymous_20)
FN:177,(anonymous_21)
FN:190,(anonymous_22)
FN:197,(anonymous_23)
FNF:24
FNH:0
FNDA:0,Dashboard
FNDA:0,(anonymous_1)
FNDA:0,(anonymous_2)
FNDA:0,(anonymous_3)
FNDA:0,(anonymous_4)
FNDA:0,(anonymous_5)
FNDA:0,(anonymous_6)
FNDA:0,(anonymous_7)
FNDA:0,(anonymous_8)
FNDA:0,(anonymous_9)
FNDA:0,(anonymous_10)
FNDA:0,(anonymous_11)
FNDA:0,(anonymous_12)
FNDA:0,(anonymous_13)
FNDA:0,(anonymous_14)
FNDA:0,(anonymous_15)
FNDA:0,(anonymous_16)
FNDA:0,(anonymous_17)
FNDA:0,(anonymous_18)
FNDA:0,(anonymous_19)
FNDA:0,(anonymous_20)
FNDA:0,(anonymous_21)
FNDA:0,(anonymous_22)
FNDA:0,(anonymous_23)
DA:8,0
DA:9,0
DA:10,0
DA:11,0
DA:12,0
DA:13,0
DA:14,0
DA:17,0
DA:20,0
DA:21,0
DA:22,0
DA:23,0
DA:25,0
DA:30,0
DA:33,0
DA:35,0
DA:36,0
DA:40,0
DA:42,0
DA:43,0
DA:45,0
DA:48,0
DA:49,0
DA:51,0
DA:52,0
DA:53,0
DA:54,0
DA:56,0
DA:61,0
DA:62,0
DA:64,0
DA:65,0
DA:66,0
DA:68,0
DA:73,0
DA:74,0
DA:76,0
DA:77,0
DA:78,0
DA:81,0
DA:84,0
DA:85,0
DA:87,0
DA:88,0
DA:89,0
DA:93,0
DA:94,0
DA:95,0
DA:101,0
DA:102,0
DA:104,0
DA:105,0
DA:108,0
DA:109,0
DA:111,0
DA:112,0
DA:113,0
DA:117,0
DA:118,0
DA:119,0
DA:125,0
DA:126,0
DA:129,0
DA:130,0
DA:134,0
DA:135,0
DA:136,0
DA:137,0
DA:138,0
DA:139,0
DA:141,0
DA:142,0
DA:143,0
DA:144,0
DA:145,0
DA:151,0
DA:152,0
DA:154,0
DA:155,0
DA:156,0
DA:159,0
DA:160,0
DA:161,0
DA:162,0
DA:166,0
DA:167,0
DA:170,0
DA:171,0
DA:172,0
DA:173,0
DA:177,0
DA:178,0
DA:179,0
DA:180,0
DA:182,0
DA:186,0
DA:187,0
DA:188,0
DA:190,0
DA:191,0
DA:192,0
DA:193,0
DA:197,0
DA:198,0
DA:201,0
LF:105
LH:0
BRDA:22,0,0,0
BRDA:22,0,1,0
BRDA:42,1,0,0
BRDA:42,1,1,0
BRDA:49,2,0,0
BRDA:49,2,1,0
BRDA:52,3,0,0
BRDA:52,3,1,0
BRDA:62,4,0,0
BRDA:62,4,1,0
BRDA:65,5,0,0
BRDA:65,5,1,0
BRDA:74,6,0,0
BRDA:74,6,1,0
BRDA:74,7,0,0
BRDA:74,7,1,0
BRDA:84,8,0,0
BRDA:84,8,1,0
BRDA:85,9,0,0
BRDA:85,9,1,0
BRDA:87,10,0,0
BRDA:87,10,1,0
BRDA:93,11,0,0
BRDA:93,11,1,0
BRDA:102,12,0,0
BRDA:102,12,1,0
BRDA:102,13,0,0
BRDA:102,13,1,0
BRDA:108,14,0,0
BRDA:108,14,1,0
BRDA:109,15,0,0
BRDA:109,15,1,0
BRDA:111,16,0,0
BRDA:111,16,1,0
BRDA:117,17,0,0
BRDA:117,17,1,0
BRDA:135,18,0,0
BRDA:135,18,1,0
BRDA:135,19,0,0
BRDA:135,19,1,0
BRDA:152,20,0,0
BRDA:152,20,1,0
BRDA:159,21,0,0
BRDA:159,21,1,0
BRDA:159,22,0,0
BRDA:159,22,1,0
BRDA:170,23,0,0
BRDA:170,23,1,0
BRDA:170,24,0,0
BRDA:170,24,1,0
BRDA:179,25,0,0
BRDA:179,25,1,0
BRDA:179,26,0,0
BRDA:179,26,1,0
BRDA:202,27,0,0
BRDA:202,27,1,0
BRDA:204,28,0,0
BRDA:204,28,1,0
BRDA:205,29,0,0
BRDA:205,29,1,0
BRDA:209,30,0,0
BRDA:209,30,1,0
BRDA:212,31,0,0
BRDA:212,31,1,0
BRF:64
BRH:0
end_of_record
TN:
SF:src/pages/Landing.jsx
FN:5,Landing
FNF:1
FNH:0
FNDA:0,Landing
DA:6,0
LF:1
LH:0
BRF:0
BRH:0
end_of_record
TN:
SF:src/pages/PrivateRoute.jsx
FN:4,PrivateRoute
FNF:1
FNH:0
FNDA:0,PrivateRoute
DA:5,0
DA:7,0
DA:8,0
DA:11,0
LF:4
LH:0
BRDA:7,0,0,0
BRDA:7,0,1,0
BRF:2
BRH:0
end_of_record
TN:
SF:src/services/database.js
FN:15,(anonymous_0)
FN:25,(anonymous_1)
FN:30,(anonymous_2)
FN:40,(anonymous_3)
FN:50,(anonymous_4)
FN:60,(anonymous_5)
FN:65,(anonymous_6)
FN:76,(anonymous_7)
FN:78,(anonymous_8)
FN:80,(anonymous_9)
FN:87,(anonymous_10)
FN:89,(anonymous_11)
FN:91,(anonymous_12)
FNF:13
FNH:13
FNDA:2,(anonymous_0)
FNDA:2,(anonymous_1)
FNDA:2,(anonymous_2)
FNDA:2,(anonymous_3)
FNDA:2,(anonymous_4)
FNDA:2,(anonymous_5)
FNDA:2,(anonymous_6)
FNDA:2,(anonymous_7)
FNDA:1,(anonymous_8)
FNDA:1,(anonymous_9)
FNDA:2,(anonymous_10)
FNDA:1,(anonymous_11)
FNDA:1,(anonymous_12)
DA:15,1
DA:16,2
DA:17,2
DA:18,1
DA:20,1
DA:21,1
DA:25,1
DA:26,2
DA:27,2
DA:28,2
DA:29,1
DA:30,1
DA:31,2
DA:33,1
DA:35,1
DA:36,1
DA:40,1
DA:41,2
DA:42,2
DA:44,1
DA:45,1
DA:50,1
DA:51,2
DA:52,2
DA:53,1
DA:55,1
DA:56,1
DA:60,1
DA:61,2
DA:62,2
DA:63,2
DA:64,1
DA:65,1
DA:66,2
DA:68,1
DA:70,1
DA:71,1
DA:76,1
DA:77,2
DA:78,2
DA:79,1
DA:80,1
DA:81,1
DA:83,1
DA:87,1
DA:88,2
DA:89,2
DA:90,1
DA:91,1
DA:92,1
DA:94,1
LF:51
LH:51
BRF:0
BRH:0
end_of_record
TN:
SF:src/utils/expenseUtils.js
FN:6,(anonymous_0)
FN:8,(anonymous_1)
FN:17,(anonymous_2)
FN:20,(anonymous_3)
FN:21,(anonymous_4)
FN:30,(anonymous_5)
FN:33,(anonymous_6)
FN:34,(anonymous_7)
FN:43,(anonymous_8)
FN:55,(anonymous_9)
FN:57,(anonymous_10)
FN:66,(anonymous_11)
FN:71,(anonymous_12)
FNF:13
FNH:13
FNDA:5,(anonymous_0)
FNDA:8,(anonymous_1)
FNDA:4,(anonymous_2)
FNDA:12,(anonymous_3)
FNDA:3,(anonymous_4)
FNDA:5,(anonymous_5)
FNDA:14,(anonymous_6)
FNDA:4,(anonymous_7)
FNDA:6,(anonymous_8)
FNDA:4,(anonymous_9)
FNDA:18,(anonymous_10)
FNDA:4,(anonymous_11)
FNDA:6,(anonymous_12)
DA:6,1
DA:7,5
DA:8,8
DA:17,1
DA:18,4
DA:19,3
DA:20,12
DA:21,3
DA:30,1
DA:31,5
DA:32,4
DA:33,14
DA:34,4
DA:43,1
DA:44,6
DA:55,1
DA:56,4
DA:57,18
DA:66,1
DA:67,4
DA:68,2
DA:69,2
DA:71,2
DA:72,6
DA:73,6
LF:25
LH:25
BRDA:7,0,0,2
BRDA:7,0,1,3
BRDA:8,1,0,8
BRDA:8,1,1,3
BRDA:18,2,0,1
BRDA:18,2,1,3
BRDA:21,3,0,3
BRDA:21,3,1,1
BRDA:31,4,0,1
BRDA:31,4,1,4
BRDA:33,5,0,14
BRDA:33,5,1,13
BRDA:34,6,0,4
BRDA:34,6,1,1
BRDA:43,7,0,5
BRDA:47,8,0,6
BRDA:47,8,1,3
BRDA:56,9,0,2
BRDA:56,9,1,2
BRDA:67,10,0,2
BRDA:67,10,1,2
BRF:21
BRH:21
end_of_record
